#
# There is insufficient memory for the Java Runtime Environment to continue.
# Native memory allocation (mmap) failed to map 700448768 bytes for G1 virtual space
# Possible reasons:
#   The system is out of physical RAM or swap space
#   The process is running with CompressedOops enabled, and the Java Heap may be blocking the growth of the native heap
# Possible solutions:
#   Reduce memory load on the system
#   Increase physical memory or swap space
#   Check if swap backing store is full
#   Decrease Java heap size (-Xmx/-Xms)
#   Decrease number of Java threads
#   Decrease Java thread stack sizes (-Xss)
#   Set larger code cache with -XX:ReservedCodeCacheSize=
#   JVM is running with Zero Based Compressed Oops mode in which the Java heap is
#     placed in the first 32GB address space. The Java Heap base address is the
#     maximum limit for the native heap growth. Please use -XX:HeapBaseMinAddress
#     to set the Java Heap base and to place the Java Heap above 32GB virtual address.
# This output file may be truncated or incomplete.
#
#  Out of Memory Error (os_windows.cpp:3548), pid=22228, tid=9032
#
# JRE version: OpenJDK Runtime Environment Zulu17.38+21-CA (17.0.5+8) (build 17.0.5+8-LTS)
# Java VM: OpenJDK 64-Bit Server VM Zulu17.38+21-CA (17.0.5+8-LTS, mixed mode, emulated-client, sharing, tiered, compressed oops, compressed class ptrs, g1 gc, windows-amd64)
# No core dump will be written. Minidumps are not enabled by default on client versions of Windows
#

---------------  S U M M A R Y ------------

Command Line: -XX:TieredStopAtLevel=1 -agentlib:jdwp=transport=dt_socket,server=n,suspend=y,address=127.0.0.1:64081 -Dcom.sun.management.jmxremote -Dfile.encoding=windows-1252 -Duser.country=GB -Duser.language=en -Duser.variant ssp.video.stream.Application

Host: Intel(R) Core(TM) i5-10210U CPU @ 1.60GHz, 8 cores, 15G,  Windows 11 , 64 bit Build 22621 (10.0.22621.1928)
Time: Fri Jul 21 17:53:19 2023 GMT Summer Time elapsed time: 19.858109 seconds (0d 0h 0m 19s)

---------------  T H R E A D  ---------------

Current thread (0x00000204acc3b4e0):  VMThread "VM Thread" [stack: 0x000000a98a800000,0x000000a98a900000] [id=9032]

Stack: [0x000000a98a800000,0x000000a98a900000]
Native frames: (J=compiled Java code, j=interpreted, Vv=VM code, C=native code)
V  [jvm.dll+0x67bc7a]
V  [jvm.dll+0x837104]
V  [jvm.dll+0x8388ae]
V  [jvm.dll+0x838f13]
V  [jvm.dll+0x248935]
V  [jvm.dll+0x678ba9]
V  [jvm.dll+0x66d27a]
V  [jvm.dll+0x30781b]
V  [jvm.dll+0x30ecd6]
V  [jvm.dll+0x35f20e]
V  [jvm.dll+0x35f43f]
V  [jvm.dll+0x2de788]
V  [jvm.dll+0x2dca54]
V  [jvm.dll+0x2dc05c]
V  [jvm.dll+0x3200b1]
V  [jvm.dll+0x83d3eb]
V  [jvm.dll+0x83e124]
V  [jvm.dll+0x83e63d]
V  [jvm.dll+0x83ea14]
V  [jvm.dll+0x83eae0]
V  [jvm.dll+0x7e6fea]
V  [jvm.dll+0x67ab25]
C  [ucrtbase.dll+0x29363]
C  [KERNEL32.DLL+0x126ad]
C  [ntdll.dll+0x5aa68]

VM_Operation (0x000000a98cffe3c0): G1TryInitiateConcMark, mode: safepoint, requested by thread 0x00000204af860690


---------------  P R O C E S S  ---------------

Threads class SMR info:
_java_thread_list=0x00000204b014dfd0, length=32, elements={
0x0000020496515e10, 0x00000204acc422e0, 0x00000204acc42db0, 0x00000204acc59540,
0x00000204acc5bf20, 0x00000204acc5e800, 0x00000204acc5f0d0, 0x00000204acc6af60,
0x00000204acc6b870, 0x00000204ad2a16d0, 0x00000204ad36d350, 0x00000204ad383b00,
0x00000204ad386300, 0x00000204ad388ad0, 0x00000204ae444e40, 0x00000204ae7239f0,
0x00000204af8c4a50, 0x00000204af875b80, 0x00000204af876060, 0x00000204af874dd0,
0x00000204af85ed40, 0x00000204af8615c0, 0x00000204af85e830, 0x00000204af85f250,
0x00000204af860180, 0x00000204af85e320, 0x00000204af860690, 0x00000204af85f760,
0x00000204af85fc70, 0x00000204af860ba0, 0x00000204af861ad0, 0x00000204afc93920
}

Java Threads: ( => current thread )
  0x0000020496515e10 JavaThread "main" [_thread_blocked, id=10952, stack(0x000000a98a200000,0x000000a98a300000)]
  0x00000204acc422e0 JavaThread "Reference Handler" daemon [_thread_blocked, id=5028, stack(0x000000a98a900000,0x000000a98aa00000)]
  0x00000204acc42db0 JavaThread "Finalizer" daemon [_thread_blocked, id=19424, stack(0x000000a98aa00000,0x000000a98ab00000)]
  0x00000204acc59540 JavaThread "Signal Dispatcher" daemon [_thread_blocked, id=21980, stack(0x000000a98ab00000,0x000000a98ac00000)]
  0x00000204acc5bf20 JavaThread "Attach Listener" daemon [_thread_blocked, id=21532, stack(0x000000a98ac00000,0x000000a98ad00000)]
  0x00000204acc5e800 JavaThread "Service Thread" daemon [_thread_blocked, id=22420, stack(0x000000a98ad00000,0x000000a98ae00000)]
  0x00000204acc5f0d0 JavaThread "Monitor Deflation Thread" daemon [_thread_blocked, id=16188, stack(0x000000a98ae00000,0x000000a98af00000)]
  0x00000204acc6af60 JavaThread "C1 CompilerThread0" daemon [_thread_blocked, id=22136, stack(0x000000a98af00000,0x000000a98b000000)]
  0x00000204acc6b870 JavaThread "Sweeper thread" daemon [_thread_blocked, id=17160, stack(0x000000a98b000000,0x000000a98b100000)]
  0x00000204ad2a16d0 JavaThread "Common-Cleaner" daemon [_thread_blocked, id=21232, stack(0x000000a98b100000,0x000000a98b200000)]
  0x00000204ad36d350 JavaThread "JDWP Transport Listener: dt_socket" daemon [_thread_blocked, id=21088, stack(0x000000a98b400000,0x000000a98b500000)]
  0x00000204ad383b00 JavaThread "JDWP Event Helper Thread" daemon [_thread_blocked, id=4604, stack(0x000000a98b500000,0x000000a98b600000)]
  0x00000204ad386300 JavaThread "JDWP Command Reader" daemon [_thread_in_native, id=16728, stack(0x000000a98b600000,0x000000a98b700000)]
  0x00000204ad388ad0 JavaThread "Notification Thread" daemon [_thread_blocked, id=1276, stack(0x000000a98b700000,0x000000a98b800000)]
  0x00000204ae444e40 JavaThread "RMI TCP Accept-0" daemon [_thread_in_native, id=1560, stack(0x000000a98b900000,0x000000a98ba00000)]
  0x00000204ae7239f0 JavaThread "ForkJoinPool.commonPool-worker-1" daemon [_thread_blocked, id=6492, stack(0x000000a98bb00000,0x000000a98bc00000)]
  0x00000204af8c4a50 JavaThread "ForkJoinPool.commonPool-worker-2" daemon [_thread_blocked, id=2376, stack(0x000000a98c400000,0x000000a98c500000)]
  0x00000204af875b80 JavaThread "ForkJoinPool.commonPool-worker-3" daemon [_thread_blocked, id=20688, stack(0x000000a98c500000,0x000000a98c600000)]
  0x00000204af876060 JavaThread "ForkJoinPool.commonPool-worker-4" daemon [_thread_blocked, id=7236, stack(0x000000a98c600000,0x000000a98c700000)]
  0x00000204af874dd0 JavaThread "ForkJoinPool.commonPool-worker-5" daemon [_thread_blocked, id=1240, stack(0x000000a98c700000,0x000000a98c800000)]
  0x00000204af85ed40 JavaThread "ForkJoinPool.commonPool-worker-6" daemon [_thread_blocked, id=1368, stack(0x000000a98c800000,0x000000a98c900000)]
  0x00000204af8615c0 JavaThread "ForkJoinPool.commonPool-worker-7" daemon [_thread_blocked, id=18768, stack(0x000000a98c900000,0x000000a98ca00000)]
  0x00000204af85e830 JavaThread "qtp1346799731-28" [_thread_in_native, id=22156, stack(0x000000a98cb00000,0x000000a98cc00000)]
  0x00000204af85f250 JavaThread "qtp1346799731-29" [_thread_in_native, id=8236, stack(0x000000a98cc00000,0x000000a98cd00000)]
  0x00000204af860180 JavaThread "qtp1346799731-30" [_thread_in_native, id=19780, stack(0x000000a98cd00000,0x000000a98ce00000)]
  0x00000204af85e320 JavaThread "qtp1346799731-31" [_thread_in_native, id=4904, stack(0x000000a98ce00000,0x000000a98cf00000)]
  0x00000204af860690 JavaThread "qtp1346799731-32" [_thread_blocked, id=22356, stack(0x000000a98cf00000,0x000000a98d000000)]
  0x00000204af85f760 JavaThread "qtp1346799731-33-acceptor-0@468b9b07-ServerConnector@1b765a2c{HTTP/1.1, (http/1.1)}{0.0.0.0:8080}" [_thread_in_native, id=21136, stack(0x000000a98d000000,0x000000a98d100000)]
  0x00000204af85fc70 JavaThread "qtp1346799731-34" [_thread_blocked, id=6128, stack(0x000000a98d100000,0x000000a98d200000)]
  0x00000204af860ba0 JavaThread "qtp1346799731-35" [_thread_blocked, id=13588, stack(0x000000a98d200000,0x000000a98d300000)]
  0x00000204af861ad0 JavaThread "Connector-Scheduler-1b765a2c-1" [_thread_blocked, id=13316, stack(0x000000a98b800000,0x000000a98b900000)]
  0x00000204afc93920 JavaThread "idle-connection-reaper" daemon [_thread_blocked, id=20900, stack(0x000000a98d400000,0x000000a98d500000)]

Other Threads:
=>0x00000204acc3b4e0 VMThread "VM Thread" [stack: 0x000000a98a800000,0x000000a98a900000] [id=9032]
  0x000002049659d1b0 WatcherThread [stack: 0x000000a98ba00000,0x000000a98bb00000] [id=20164]
  0x0000020496583e90 GCTaskThread "GC Thread#0" [stack: 0x000000a98a300000,0x000000a98a400000] [id=18644]
  0x00000204ae724280 GCTaskThread "GC Thread#1" [stack: 0x000000a98bc00000,0x000000a98bd00000] [id=15260]
  0x00000204ae724540 GCTaskThread "GC Thread#2" [stack: 0x000000a98bd00000,0x000000a98be00000] [id=21848]
  0x00000204ae724800 GCTaskThread "GC Thread#3" [stack: 0x000000a98be00000,0x000000a98bf00000] [id=22412]
  0x00000204ae724ac0 GCTaskThread "GC Thread#4" [stack: 0x000000a98bf00000,0x000000a98c000000] [id=19696]
  0x00000204ae761080 GCTaskThread "GC Thread#5" [stack: 0x000000a98c000000,0x000000a98c100000] [id=21928]
  0x00000204ae78bc90 GCTaskThread "GC Thread#6" [stack: 0x000000a98c100000,0x000000a98c200000] [id=19380]
  0x00000204ae78bf50 GCTaskThread "GC Thread#7" [stack: 0x000000a98c200000,0x000000a98c300000] [id=20904]
  0x0000020496595070 ConcurrentGCThread "G1 Main Marker" [stack: 0x000000a98a400000,0x000000a98a500000] [id=21540]
  0x0000020496596130 ConcurrentGCThread "G1 Conc#0" [stack: 0x000000a98a500000,0x000000a98a600000] [id=6256]
  0x00000204afa42520 ConcurrentGCThread "G1 Conc#1" [stack: 0x000000a98ca00000,0x000000a98cb00000] [id=2224]
  0x00000204965be4e0 ConcurrentGCThread "G1 Refine#0" [stack: 0x000000a98a600000,0x000000a98a700000] [id=18268]
  0x00000204ae78c620 ConcurrentGCThread "G1 Refine#1" [stack: 0x000000a98c300000,0x000000a98c400000] [id=8012]
  0x00000204acb7a450 ConcurrentGCThread "G1 Service" [stack: 0x000000a98a700000,0x000000a98a800000] [id=21336]

Threads with active compile tasks:

VM state: at safepoint (normal execution)

VM Mutex/Monitor currently owned by a thread:  ([mutex/lock_event])
[0x0000020496510fe0] Threads_lock - owner thread: 0x00000204acc3b4e0
[0x0000020496511730] Heap_lock - owner thread: 0x00000204af860690

Heap address: 0x0000000703e00000, size: 4034 MB, Compressed Oops mode: Zero based, Oop shift amount: 3

CDS archive(s) mapped at: [0x0000000800000000-0x0000000800c00000-0x0000000800c00000), size 12582912, SharedBaseAddress: 0x0000000800000000, ArchiveRelocationMode: 0.
Compressed class space mapped at: 0x0000000800c00000-0x0000000840c00000, reserved size: 1073741824
Narrow klass base: 0x0000000800000000, Narrow klass shift: 0, Narrow klass range: 0x100000000

GC Precious Log:
 CPUs: 8 total, 8 available
 Memory: 16134M
 Large Page Support: Disabled
 NUMA Support: Disabled
 Compressed Oops: Enabled (Zero based)
 Heap Region Size: 2M
 Heap Min Capacity: 8M
 Heap Initial Capacity: 254M
 Heap Max Capacity: 4034M
 Pre-touch: Disabled
 Parallel Workers: 8
 Concurrent Workers: 2
 Concurrent Refinement Workers: 8
 Periodic GC: Disabled

Heap:
 garbage-first heap   total 714752K, used 484795K [0x0000000703e00000, 0x0000000800000000)
  region size 2048K, 1 young (2048K), 1 survivors (2048K)
 Metaspace       used 49262K, committed 49600K, reserved 1097728K
  class space    used 9234K, committed 9408K, reserved 1048576K

Heap Regions: E=young(eden), S=young(survivor), O=old, HS=humongous(starts), HC=humongous(continues), CS=collection set, F=free, OA=open archive, CA=closed archive, TAMS=top-at-mark-start (previous, next)
|   0|0x0000000703e00000, 0x0000000704000000, 0x0000000704000000|100%| O|  |TAMS 0x0000000704000000, 0x0000000704000000| Untracked 
|   1|0x0000000704000000, 0x0000000704200000, 0x0000000704200000|100%| O|  |TAMS 0x0000000704200000, 0x0000000704200000| Untracked 
|   2|0x0000000704200000, 0x0000000704400000, 0x0000000704400000|100%| O|  |TAMS 0x0000000704400000, 0x0000000704400000| Untracked 
|   3|0x0000000704400000, 0x0000000704600000, 0x0000000704600000|100%| O|  |TAMS 0x0000000704600000, 0x0000000704600000| Untracked 
|   4|0x0000000704600000, 0x0000000704800000, 0x0000000704800000|100%| O|  |TAMS 0x0000000704800000, 0x0000000704800000| Untracked 
|   5|0x0000000704800000, 0x0000000704a00000, 0x0000000704a00000|100%| O|  |TAMS 0x0000000704a00000, 0x0000000704a00000| Untracked 
|   6|0x0000000704a00000, 0x0000000704c00000, 0x0000000704c00000|100%| O|  |TAMS 0x0000000704c00000, 0x0000000704c00000| Untracked 
|   7|0x0000000704c00000, 0x0000000704c00000, 0x0000000704e00000|  0%| F|  |TAMS 0x0000000704c00000, 0x0000000704c00000| Untracked 
|   8|0x0000000704e00000, 0x0000000705000000, 0x0000000705000000|100%| O|  |TAMS 0x0000000705000000, 0x0000000705000000| Untracked 
|   9|0x0000000705000000, 0x0000000705200000, 0x0000000705200000|100%| O|  |TAMS 0x0000000705200000, 0x0000000705200000| Untracked 
|  10|0x0000000705200000, 0x0000000705272200, 0x0000000705400000| 22%| O|  |TAMS 0x0000000705272200, 0x0000000705272200| Untracked 
|  11|0x0000000705400000, 0x0000000705600000, 0x0000000705600000|100%|HS|  |TAMS 0x0000000705400000, 0x0000000705600000| Complete 
|  12|0x0000000705600000, 0x0000000705800000, 0x0000000705800000|100%|HC|  |TAMS 0x0000000705600000, 0x0000000705800000| Complete 
|  13|0x0000000705800000, 0x0000000705a00000, 0x0000000705a00000|100%|HC|  |TAMS 0x0000000705800000, 0x0000000705a00000| Complete 
|  14|0x0000000705a00000, 0x0000000705c00000, 0x0000000705c00000|100%|HC|  |TAMS 0x0000000705a00000, 0x0000000705c00000| Complete 
|  15|0x0000000705c00000, 0x0000000705e00000, 0x0000000705e00000|100%|HC|  |TAMS 0x0000000705c00000, 0x0000000705e00000| Complete 
|  16|0x0000000705e00000, 0x0000000706000000, 0x0000000706000000|100%|HC|  |TAMS 0x0000000705e00000, 0x0000000706000000| Complete 
|  17|0x0000000706000000, 0x0000000706200000, 0x0000000706200000|100%|HC|  |TAMS 0x0000000706000000, 0x0000000706200000| Complete 
|  18|0x0000000706200000, 0x0000000706400000, 0x0000000706400000|100%|HC|  |TAMS 0x0000000706200000, 0x0000000706400000| Complete 
|  19|0x0000000706400000, 0x0000000706600000, 0x0000000706600000|100%|HC|  |TAMS 0x0000000706400000, 0x0000000706600000| Complete 
|  20|0x0000000706600000, 0x0000000706800000, 0x0000000706800000|100%|HC|  |TAMS 0x0000000706600000, 0x0000000706800000| Complete 
|  21|0x0000000706800000, 0x0000000706a00000, 0x0000000706a00000|100%|HC|  |TAMS 0x0000000706800000, 0x0000000706a00000| Complete 
|  22|0x0000000706a00000, 0x0000000706c00000, 0x0000000706c00000|100%|HC|  |TAMS 0x0000000706a00000, 0x0000000706c00000| Complete 
|  23|0x0000000706c00000, 0x0000000706e00000, 0x0000000706e00000|100%|HC|  |TAMS 0x0000000706c00000, 0x0000000706e00000| Complete 
|  24|0x0000000706e00000, 0x0000000707000000, 0x0000000707000000|100%|HC|  |TAMS 0x0000000706e00000, 0x0000000707000000| Complete 
|  25|0x0000000707000000, 0x0000000707200000, 0x0000000707200000|100%|HC|  |TAMS 0x0000000707000000, 0x0000000707200000| Complete 
|  26|0x0000000707200000, 0x0000000707400000, 0x0000000707400000|100%|HC|  |TAMS 0x0000000707200000, 0x0000000707400000| Complete 
|  27|0x0000000707400000, 0x0000000707600000, 0x0000000707600000|100%|HC|  |TAMS 0x0000000707400000, 0x0000000707600000| Complete 
|  28|0x0000000707600000, 0x0000000707800000, 0x0000000707800000|100%|HC|  |TAMS 0x0000000707600000, 0x0000000707800000| Complete 
|  29|0x0000000707800000, 0x0000000707a00000, 0x0000000707a00000|100%|HC|  |TAMS 0x0000000707800000, 0x0000000707a00000| Complete 
|  30|0x0000000707a00000, 0x0000000707c00000, 0x0000000707c00000|100%|HC|  |TAMS 0x0000000707a00000, 0x0000000707c00000| Complete 
|  31|0x0000000707c00000, 0x0000000707e00000, 0x0000000707e00000|100%|HC|  |TAMS 0x0000000707c00000, 0x0000000707e00000| Complete 
|  32|0x0000000707e00000, 0x0000000708000000, 0x0000000708000000|100%|HC|  |TAMS 0x0000000707e00000, 0x0000000708000000| Complete 
|  33|0x0000000708000000, 0x0000000708200000, 0x0000000708200000|100%|HC|  |TAMS 0x0000000708000000, 0x0000000708200000| Complete 
|  34|0x0000000708200000, 0x0000000708400000, 0x0000000708400000|100%|HC|  |TAMS 0x0000000708200000, 0x0000000708400000| Complete 
|  35|0x0000000708400000, 0x0000000708600000, 0x0000000708600000|100%|HC|  |TAMS 0x0000000708400000, 0x0000000708600000| Complete 
|  36|0x0000000708600000, 0x0000000708800000, 0x0000000708800000|100%|HC|  |TAMS 0x0000000708600000, 0x0000000708800000| Complete 
|  37|0x0000000708800000, 0x0000000708a00000, 0x0000000708a00000|100%|HC|  |TAMS 0x0000000708800000, 0x0000000708a00000| Complete 
|  38|0x0000000708a00000, 0x0000000708c00000, 0x0000000708c00000|100%|HC|  |TAMS 0x0000000708a00000, 0x0000000708c00000| Complete 
|  39|0x0000000708c00000, 0x0000000708e00000, 0x0000000708e00000|100%|HC|  |TAMS 0x0000000708c00000, 0x0000000708e00000| Complete 
|  40|0x0000000708e00000, 0x0000000709000000, 0x0000000709000000|100%|HC|  |TAMS 0x0000000708e00000, 0x0000000709000000| Complete 
|  41|0x0000000709000000, 0x0000000709200000, 0x0000000709200000|100%|HC|  |TAMS 0x0000000709000000, 0x0000000709200000| Complete 
|  42|0x0000000709200000, 0x0000000709400000, 0x0000000709400000|100%|HC|  |TAMS 0x0000000709200000, 0x0000000709400000| Complete 
|  43|0x0000000709400000, 0x0000000709600000, 0x0000000709600000|100%|HC|  |TAMS 0x0000000709400000, 0x0000000709600000| Complete 
|  44|0x0000000709600000, 0x0000000709800000, 0x0000000709800000|100%|HC|  |TAMS 0x0000000709600000, 0x0000000709800000| Complete 
|  45|0x0000000709800000, 0x0000000709a00000, 0x0000000709a00000|100%|HC|  |TAMS 0x0000000709800000, 0x0000000709a00000| Complete 
|  46|0x0000000709a00000, 0x0000000709c00000, 0x0000000709c00000|100%|HC|  |TAMS 0x0000000709a00000, 0x0000000709c00000| Complete 
|  47|0x0000000709c00000, 0x0000000709e00000, 0x0000000709e00000|100%|HC|  |TAMS 0x0000000709c00000, 0x0000000709e00000| Complete 
|  48|0x0000000709e00000, 0x000000070a000000, 0x000000070a000000|100%|HC|  |TAMS 0x0000000709e00000, 0x000000070a000000| Complete 
|  49|0x000000070a000000, 0x000000070a200000, 0x000000070a200000|100%|HC|  |TAMS 0x000000070a000000, 0x000000070a200000| Complete 
|  50|0x000000070a200000, 0x000000070a400000, 0x000000070a400000|100%|HC|  |TAMS 0x000000070a200000, 0x000000070a400000| Complete 
|  51|0x000000070a400000, 0x000000070a600000, 0x000000070a600000|100%|HC|  |TAMS 0x000000070a400000, 0x000000070a600000| Complete 
|  52|0x000000070a600000, 0x000000070a800000, 0x000000070a800000|100%|HC|  |TAMS 0x000000070a600000, 0x000000070a800000| Complete 
|  53|0x000000070a800000, 0x000000070aa00000, 0x000000070aa00000|100%|HC|  |TAMS 0x000000070a800000, 0x000000070aa00000| Complete 
|  54|0x000000070aa00000, 0x000000070ac00000, 0x000000070ac00000|100%|HC|  |TAMS 0x000000070aa00000, 0x000000070ac00000| Complete 
|  55|0x000000070ac00000, 0x000000070ae00000, 0x000000070ae00000|100%|HC|  |TAMS 0x000000070ac00000, 0x000000070ae00000| Complete 
|  56|0x000000070ae00000, 0x000000070b000000, 0x000000070b000000|100%|HC|  |TAMS 0x000000070ae00000, 0x000000070b000000| Complete 
|  57|0x000000070b000000, 0x000000070b200000, 0x000000070b200000|100%|HC|  |TAMS 0x000000070b000000, 0x000000070b200000| Complete 
|  58|0x000000070b200000, 0x000000070b400000, 0x000000070b400000|100%|HC|  |TAMS 0x000000070b200000, 0x000000070b400000| Complete 
|  59|0x000000070b400000, 0x000000070b600000, 0x000000070b600000|100%|HC|  |TAMS 0x000000070b400000, 0x000000070b600000| Complete 
|  60|0x000000070b600000, 0x000000070b800000, 0x000000070b800000|100%|HC|  |TAMS 0x000000070b600000, 0x000000070b800000| Complete 
|  61|0x000000070b800000, 0x000000070ba00000, 0x000000070ba00000|100%|HC|  |TAMS 0x000000070b800000, 0x000000070ba00000| Complete 
|  62|0x000000070ba00000, 0x000000070bc00000, 0x000000070bc00000|100%|HC|  |TAMS 0x000000070ba00000, 0x000000070bc00000| Complete 
|  63|0x000000070bc00000, 0x000000070be00000, 0x000000070be00000|100%|HC|  |TAMS 0x000000070bc00000, 0x000000070be00000| Complete 
|  64|0x000000070be00000, 0x000000070c000000, 0x000000070c000000|100%|HC|  |TAMS 0x000000070be00000, 0x000000070c000000| Complete 
|  65|0x000000070c000000, 0x000000070c200000, 0x000000070c200000|100%|HC|  |TAMS 0x000000070c000000, 0x000000070c200000| Complete 
|  66|0x000000070c200000, 0x000000070c400000, 0x000000070c400000|100%|HC|  |TAMS 0x000000070c200000, 0x000000070c400000| Complete 
|  67|0x000000070c400000, 0x000000070c600000, 0x000000070c600000|100%|HC|  |TAMS 0x000000070c400000, 0x000000070c600000| Complete 
|  68|0x000000070c600000, 0x000000070c800000, 0x000000070c800000|100%|HC|  |TAMS 0x000000070c600000, 0x000000070c800000| Complete 
|  69|0x000000070c800000, 0x000000070ca00000, 0x000000070ca00000|100%|HC|  |TAMS 0x000000070c800000, 0x000000070ca00000| Complete 
|  70|0x000000070ca00000, 0x000000070cc00000, 0x000000070cc00000|100%|HC|  |TAMS 0x000000070ca00000, 0x000000070cc00000| Complete 
|  71|0x000000070cc00000, 0x000000070ce00000, 0x000000070ce00000|100%|HC|  |TAMS 0x000000070cc00000, 0x000000070ce00000| Complete 
|  72|0x000000070ce00000, 0x000000070d000000, 0x000000070d000000|100%|HC|  |TAMS 0x000000070ce00000, 0x000000070d000000| Complete 
|  73|0x000000070d000000, 0x000000070d200000, 0x000000070d200000|100%|HC|  |TAMS 0x000000070d000000, 0x000000070d200000| Complete 
|  74|0x000000070d200000, 0x000000070d400000, 0x000000070d400000|100%|HC|  |TAMS 0x000000070d200000, 0x000000070d400000| Complete 
|  75|0x000000070d400000, 0x000000070d600000, 0x000000070d600000|100%|HC|  |TAMS 0x000000070d400000, 0x000000070d600000| Complete 
|  76|0x000000070d600000, 0x000000070d600000, 0x000000070d800000|  0%| F|  |TAMS 0x000000070d600000, 0x000000070d600000| Untracked 
|  77|0x000000070d800000, 0x000000070d800000, 0x000000070da00000|  0%| F|  |TAMS 0x000000070d800000, 0x000000070d800000| Untracked 
|  78|0x000000070da00000, 0x000000070da00000, 0x000000070dc00000|  0%| F|  |TAMS 0x000000070da00000, 0x000000070da00000| Untracked 
|  79|0x000000070dc00000, 0x000000070dc00000, 0x000000070de00000|  0%| F|  |TAMS 0x000000070dc00000, 0x000000070dc00000| Untracked 
|  80|0x000000070de00000, 0x000000070de00000, 0x000000070e000000|  0%| F|  |TAMS 0x000000070de00000, 0x000000070de00000| Untracked 
|  81|0x000000070e000000, 0x000000070e000000, 0x000000070e200000|  0%| F|  |TAMS 0x000000070e000000, 0x000000070e000000| Untracked 
|  82|0x000000070e200000, 0x000000070e200000, 0x000000070e400000|  0%| F|  |TAMS 0x000000070e200000, 0x000000070e200000| Untracked 
|  83|0x000000070e400000, 0x000000070e400000, 0x000000070e600000|  0%| F|  |TAMS 0x000000070e400000, 0x000000070e400000| Untracked 
|  84|0x000000070e600000, 0x000000070e600000, 0x000000070e800000|  0%| F|  |TAMS 0x000000070e600000, 0x000000070e600000| Untracked 
|  85|0x000000070e800000, 0x000000070e800000, 0x000000070ea00000|  0%| F|  |TAMS 0x000000070e800000, 0x000000070e800000| Untracked 
|  86|0x000000070ea00000, 0x000000070ea00000, 0x000000070ec00000|  0%| F|  |TAMS 0x000000070ea00000, 0x000000070ea00000| Untracked 
|  87|0x000000070ec00000, 0x000000070ec00000, 0x000000070ee00000|  0%| F|  |TAMS 0x000000070ec00000, 0x000000070ec00000| Untracked 
|  88|0x000000070ee00000, 0x000000070ee00000, 0x000000070f000000|  0%| F|  |TAMS 0x000000070ee00000, 0x000000070ee00000| Untracked 
|  89|0x000000070f000000, 0x000000070f000000, 0x000000070f200000|  0%| F|  |TAMS 0x000000070f000000, 0x000000070f000000| Untracked 
|  90|0x000000070f200000, 0x000000070f200000, 0x000000070f400000|  0%| F|  |TAMS 0x000000070f200000, 0x000000070f200000| Untracked 
|  91|0x000000070f400000, 0x000000070f400000, 0x000000070f600000|  0%| F|  |TAMS 0x000000070f400000, 0x000000070f400000| Untracked 
|  92|0x000000070f600000, 0x000000070f600000, 0x000000070f800000|  0%| F|  |TAMS 0x000000070f600000, 0x000000070f600000| Untracked 
|  93|0x000000070f800000, 0x000000070fa00000, 0x000000070fa00000|100%|HS|  |TAMS 0x000000070fa00000, 0x000000070fa00000| Complete 
|  94|0x000000070fa00000, 0x000000070fc00000, 0x000000070fc00000|100%|HC|  |TAMS 0x000000070fc00000, 0x000000070fc00000| Complete 
|  95|0x000000070fc00000, 0x000000070fe00000, 0x000000070fe00000|100%|HC|  |TAMS 0x000000070fe00000, 0x000000070fe00000| Complete 
|  96|0x000000070fe00000, 0x0000000710000000, 0x0000000710000000|100%|HC|  |TAMS 0x0000000710000000, 0x0000000710000000| Complete 
|  97|0x0000000710000000, 0x0000000710200000, 0x0000000710200000|100%|HC|  |TAMS 0x0000000710200000, 0x0000000710200000| Complete 
|  98|0x0000000710200000, 0x0000000710400000, 0x0000000710400000|100%|HC|  |TAMS 0x0000000710400000, 0x0000000710400000| Complete 
|  99|0x0000000710400000, 0x0000000710600000, 0x0000000710600000|100%|HC|  |TAMS 0x0000000710600000, 0x0000000710600000| Complete 
| 100|0x0000000710600000, 0x0000000710800000, 0x0000000710800000|100%|HC|  |TAMS 0x0000000710800000, 0x0000000710800000| Complete 
| 101|0x0000000710800000, 0x0000000710a00000, 0x0000000710a00000|100%|HC|  |TAMS 0x0000000710a00000, 0x0000000710a00000| Complete 
| 102|0x0000000710a00000, 0x0000000710c00000, 0x0000000710c00000|100%|HC|  |TAMS 0x0000000710c00000, 0x0000000710c00000| Complete 
| 103|0x0000000710c00000, 0x0000000710e00000, 0x0000000710e00000|100%|HC|  |TAMS 0x0000000710e00000, 0x0000000710e00000| Complete 
| 104|0x0000000710e00000, 0x0000000711000000, 0x0000000711000000|100%|HC|  |TAMS 0x0000000711000000, 0x0000000711000000| Complete 
| 105|0x0000000711000000, 0x0000000711200000, 0x0000000711200000|100%|HC|  |TAMS 0x0000000711200000, 0x0000000711200000| Complete 
| 106|0x0000000711200000, 0x0000000711400000, 0x0000000711400000|100%|HC|  |TAMS 0x0000000711400000, 0x0000000711400000| Complete 
| 107|0x0000000711400000, 0x0000000711600000, 0x0000000711600000|100%|HC|  |TAMS 0x0000000711600000, 0x0000000711600000| Complete 
| 108|0x0000000711600000, 0x0000000711800000, 0x0000000711800000|100%|HC|  |TAMS 0x0000000711800000, 0x0000000711800000| Complete 
| 109|0x0000000711800000, 0x0000000711a00000, 0x0000000711a00000|100%|HC|  |TAMS 0x0000000711a00000, 0x0000000711a00000| Complete 
| 110|0x0000000711a00000, 0x0000000711c00000, 0x0000000711c00000|100%|HC|  |TAMS 0x0000000711c00000, 0x0000000711c00000| Complete 
| 111|0x0000000711c00000, 0x0000000711e00000, 0x0000000711e00000|100%|HC|  |TAMS 0x0000000711e00000, 0x0000000711e00000| Complete 
| 112|0x0000000711e00000, 0x0000000712000000, 0x0000000712000000|100%|HC|  |TAMS 0x0000000712000000, 0x0000000712000000| Complete 
| 113|0x0000000712000000, 0x0000000712200000, 0x0000000712200000|100%|HC|  |TAMS 0x0000000712200000, 0x0000000712200000| Complete 
| 114|0x0000000712200000, 0x0000000712400000, 0x0000000712400000|100%|HC|  |TAMS 0x0000000712400000, 0x0000000712400000| Complete 
| 115|0x0000000712400000, 0x0000000712600000, 0x0000000712600000|100%|HC|  |TAMS 0x0000000712600000, 0x0000000712600000| Complete 
| 116|0x0000000712600000, 0x0000000712800000, 0x0000000712800000|100%|HC|  |TAMS 0x0000000712800000, 0x0000000712800000| Complete 
| 117|0x0000000712800000, 0x0000000712a00000, 0x0000000712a00000|100%|HC|  |TAMS 0x0000000712a00000, 0x0000000712a00000| Complete 
| 118|0x0000000712a00000, 0x0000000712c00000, 0x0000000712c00000|100%|HC|  |TAMS 0x0000000712c00000, 0x0000000712c00000| Complete 
| 119|0x0000000712c00000, 0x0000000712e00000, 0x0000000712e00000|100%|HC|  |TAMS 0x0000000712e00000, 0x0000000712e00000| Complete 
| 120|0x0000000712e00000, 0x0000000713000000, 0x0000000713000000|100%|HC|  |TAMS 0x0000000713000000, 0x0000000713000000| Complete 
| 121|0x0000000713000000, 0x0000000713200000, 0x0000000713200000|100%|HC|  |TAMS 0x0000000713200000, 0x0000000713200000| Complete 
| 122|0x0000000713200000, 0x0000000713400000, 0x0000000713400000|100%|HC|  |TAMS 0x0000000713400000, 0x0000000713400000| Complete 
| 123|0x0000000713400000, 0x0000000713600000, 0x0000000713600000|100%|HC|  |TAMS 0x0000000713600000, 0x0000000713600000| Complete 
| 124|0x0000000713600000, 0x0000000713800000, 0x0000000713800000|100%|HC|  |TAMS 0x0000000713800000, 0x0000000713800000| Complete 
| 125|0x0000000713800000, 0x0000000713a00000, 0x0000000713a00000|100%|HC|  |TAMS 0x0000000713a00000, 0x0000000713a00000| Complete 
| 126|0x0000000713a00000, 0x0000000713c00000, 0x0000000713c00000|100%|HC|  |TAMS 0x0000000713c00000, 0x0000000713c00000| Complete 
| 127|0x0000000713c00000, 0x0000000713e00000, 0x0000000713e00000|100%|HC|  |TAMS 0x0000000713e00000, 0x0000000713e00000| Complete 
| 128|0x0000000713e00000, 0x0000000714000000, 0x0000000714000000|100%|HC|  |TAMS 0x0000000714000000, 0x0000000714000000| Complete 
| 129|0x0000000714000000, 0x0000000714200000, 0x0000000714200000|100%|HC|  |TAMS 0x0000000714200000, 0x0000000714200000| Complete 
| 130|0x0000000714200000, 0x0000000714400000, 0x0000000714400000|100%|HC|  |TAMS 0x0000000714400000, 0x0000000714400000| Complete 
| 131|0x0000000714400000, 0x0000000714600000, 0x0000000714600000|100%|HC|  |TAMS 0x0000000714600000, 0x0000000714600000| Complete 
| 132|0x0000000714600000, 0x0000000714800000, 0x0000000714800000|100%|HC|  |TAMS 0x0000000714800000, 0x0000000714800000| Complete 
| 133|0x0000000714800000, 0x0000000714a00000, 0x0000000714a00000|100%|HC|  |TAMS 0x0000000714a00000, 0x0000000714a00000| Complete 
| 134|0x0000000714a00000, 0x0000000714c00000, 0x0000000714c00000|100%|HC|  |TAMS 0x0000000714c00000, 0x0000000714c00000| Complete 
| 135|0x0000000714c00000, 0x0000000714e00000, 0x0000000714e00000|100%|HC|  |TAMS 0x0000000714e00000, 0x0000000714e00000| Complete 
| 136|0x0000000714e00000, 0x0000000715000000, 0x0000000715000000|100%|HC|  |TAMS 0x0000000715000000, 0x0000000715000000| Complete 
| 137|0x0000000715000000, 0x0000000715200000, 0x0000000715200000|100%|HC|  |TAMS 0x0000000715200000, 0x0000000715200000| Complete 
| 138|0x0000000715200000, 0x0000000715400000, 0x0000000715400000|100%|HC|  |TAMS 0x0000000715400000, 0x0000000715400000| Complete 
| 139|0x0000000715400000, 0x0000000715600000, 0x0000000715600000|100%|HC|  |TAMS 0x0000000715600000, 0x0000000715600000| Complete 
| 140|0x0000000715600000, 0x0000000715800000, 0x0000000715800000|100%|HC|  |TAMS 0x0000000715800000, 0x0000000715800000| Complete 
| 141|0x0000000715800000, 0x0000000715a00000, 0x0000000715a00000|100%|HC|  |TAMS 0x0000000715a00000, 0x0000000715a00000| Complete 
| 142|0x0000000715a00000, 0x0000000715c00000, 0x0000000715c00000|100%|HC|  |TAMS 0x0000000715c00000, 0x0000000715c00000| Complete 
| 143|0x0000000715c00000, 0x0000000715e00000, 0x0000000715e00000|100%|HC|  |TAMS 0x0000000715e00000, 0x0000000715e00000| Complete 
| 144|0x0000000715e00000, 0x0000000716000000, 0x0000000716000000|100%|HC|  |TAMS 0x0000000716000000, 0x0000000716000000| Complete 
| 145|0x0000000716000000, 0x0000000716200000, 0x0000000716200000|100%|HC|  |TAMS 0x0000000716200000, 0x0000000716200000| Complete 
| 146|0x0000000716200000, 0x0000000716400000, 0x0000000716400000|100%|HC|  |TAMS 0x0000000716400000, 0x0000000716400000| Complete 
| 147|0x0000000716400000, 0x0000000716600000, 0x0000000716600000|100%|HC|  |TAMS 0x0000000716600000, 0x0000000716600000| Complete 
| 148|0x0000000716600000, 0x0000000716800000, 0x0000000716800000|100%|HC|  |TAMS 0x0000000716800000, 0x0000000716800000| Complete 
| 149|0x0000000716800000, 0x0000000716a00000, 0x0000000716a00000|100%|HC|  |TAMS 0x0000000716a00000, 0x0000000716a00000| Complete 
| 150|0x0000000716a00000, 0x0000000716c00000, 0x0000000716c00000|100%|HC|  |TAMS 0x0000000716c00000, 0x0000000716c00000| Complete 
| 151|0x0000000716c00000, 0x0000000716e00000, 0x0000000716e00000|100%|HC|  |TAMS 0x0000000716e00000, 0x0000000716e00000| Complete 
| 152|0x0000000716e00000, 0x0000000717000000, 0x0000000717000000|100%|HC|  |TAMS 0x0000000717000000, 0x0000000717000000| Complete 
| 153|0x0000000717000000, 0x0000000717200000, 0x0000000717200000|100%|HC|  |TAMS 0x0000000717200000, 0x0000000717200000| Complete 
| 154|0x0000000717200000, 0x0000000717400000, 0x0000000717400000|100%|HC|  |TAMS 0x0000000717400000, 0x0000000717400000| Complete 
| 155|0x0000000717400000, 0x0000000717600000, 0x0000000717600000|100%|HC|  |TAMS 0x0000000717600000, 0x0000000717600000| Complete 
| 156|0x0000000717600000, 0x0000000717800000, 0x0000000717800000|100%|HC|  |TAMS 0x0000000717800000, 0x0000000717800000| Complete 
| 157|0x0000000717800000, 0x0000000717a00000, 0x0000000717a00000|100%|HC|  |TAMS 0x0000000717a00000, 0x0000000717a00000| Complete 
| 158|0x0000000717a00000, 0x0000000717c00000, 0x0000000717c00000|100%|HS|  |TAMS 0x0000000717a00000, 0x0000000717c00000| Complete 
| 159|0x0000000717c00000, 0x0000000717e00000, 0x0000000717e00000|100%|HC|  |TAMS 0x0000000717c00000, 0x0000000717e00000| Complete 
| 160|0x0000000717e00000, 0x0000000718000000, 0x0000000718000000|100%|HC|  |TAMS 0x0000000717e00000, 0x0000000718000000| Complete 
| 161|0x0000000718000000, 0x0000000718200000, 0x0000000718200000|100%|HC|  |TAMS 0x0000000718000000, 0x0000000718200000| Complete 
| 162|0x0000000718200000, 0x0000000718400000, 0x0000000718400000|100%|HC|  |TAMS 0x0000000718200000, 0x0000000718400000| Complete 
| 163|0x0000000718400000, 0x0000000718600000, 0x0000000718600000|100%|HC|  |TAMS 0x0000000718400000, 0x0000000718600000| Complete 
| 164|0x0000000718600000, 0x0000000718800000, 0x0000000718800000|100%|HC|  |TAMS 0x0000000718600000, 0x0000000718800000| Complete 
| 165|0x0000000718800000, 0x0000000718a00000, 0x0000000718a00000|100%|HC|  |TAMS 0x0000000718800000, 0x0000000718a00000| Complete 
| 166|0x0000000718a00000, 0x0000000718c00000, 0x0000000718c00000|100%|HC|  |TAMS 0x0000000718a00000, 0x0000000718c00000| Complete 
| 167|0x0000000718c00000, 0x0000000718e00000, 0x0000000718e00000|100%|HC|  |TAMS 0x0000000718c00000, 0x0000000718e00000| Complete 
| 168|0x0000000718e00000, 0x0000000719000000, 0x0000000719000000|100%|HC|  |TAMS 0x0000000718e00000, 0x0000000719000000| Complete 
| 169|0x0000000719000000, 0x0000000719200000, 0x0000000719200000|100%|HC|  |TAMS 0x0000000719000000, 0x0000000719200000| Complete 
| 170|0x0000000719200000, 0x0000000719400000, 0x0000000719400000|100%|HC|  |TAMS 0x0000000719200000, 0x0000000719400000| Complete 
| 171|0x0000000719400000, 0x0000000719600000, 0x0000000719600000|100%|HC|  |TAMS 0x0000000719400000, 0x0000000719600000| Complete 
| 172|0x0000000719600000, 0x0000000719800000, 0x0000000719800000|100%|HC|  |TAMS 0x0000000719600000, 0x0000000719800000| Complete 
| 173|0x0000000719800000, 0x0000000719a00000, 0x0000000719a00000|100%|HC|  |TAMS 0x0000000719800000, 0x0000000719a00000| Complete 
| 174|0x0000000719a00000, 0x0000000719c00000, 0x0000000719c00000|100%|HC|  |TAMS 0x0000000719a00000, 0x0000000719c00000| Complete 
| 175|0x0000000719c00000, 0x0000000719e00000, 0x0000000719e00000|100%|HC|  |TAMS 0x0000000719c00000, 0x0000000719e00000| Complete 
| 176|0x0000000719e00000, 0x000000071a000000, 0x000000071a000000|100%|HC|  |TAMS 0x0000000719e00000, 0x000000071a000000| Complete 
| 177|0x000000071a000000, 0x000000071a200000, 0x000000071a200000|100%|HC|  |TAMS 0x000000071a000000, 0x000000071a200000| Complete 
| 178|0x000000071a200000, 0x000000071a400000, 0x000000071a400000|100%|HC|  |TAMS 0x000000071a200000, 0x000000071a400000| Complete 
| 179|0x000000071a400000, 0x000000071a600000, 0x000000071a600000|100%|HC|  |TAMS 0x000000071a400000, 0x000000071a600000| Complete 
| 180|0x000000071a600000, 0x000000071a800000, 0x000000071a800000|100%|HC|  |TAMS 0x000000071a600000, 0x000000071a800000| Complete 
| 181|0x000000071a800000, 0x000000071aa00000, 0x000000071aa00000|100%|HC|  |TAMS 0x000000071a800000, 0x000000071aa00000| Complete 
| 182|0x000000071aa00000, 0x000000071ac00000, 0x000000071ac00000|100%|HC|  |TAMS 0x000000071aa00000, 0x000000071ac00000| Complete 
| 183|0x000000071ac00000, 0x000000071ae00000, 0x000000071ae00000|100%|HC|  |TAMS 0x000000071ac00000, 0x000000071ae00000| Complete 
| 184|0x000000071ae00000, 0x000000071b000000, 0x000000071b000000|100%|HC|  |TAMS 0x000000071ae00000, 0x000000071b000000| Complete 
| 185|0x000000071b000000, 0x000000071b200000, 0x000000071b200000|100%|HC|  |TAMS 0x000000071b000000, 0x000000071b200000| Complete 
| 186|0x000000071b200000, 0x000000071b400000, 0x000000071b400000|100%|HC|  |TAMS 0x000000071b200000, 0x000000071b400000| Complete 
| 187|0x000000071b400000, 0x000000071b600000, 0x000000071b600000|100%|HC|  |TAMS 0x000000071b400000, 0x000000071b600000| Complete 
| 188|0x000000071b600000, 0x000000071b800000, 0x000000071b800000|100%|HC|  |TAMS 0x000000071b600000, 0x000000071b800000| Complete 
| 189|0x000000071b800000, 0x000000071ba00000, 0x000000071ba00000|100%|HC|  |TAMS 0x000000071b800000, 0x000000071ba00000| Complete 
| 190|0x000000071ba00000, 0x000000071bc00000, 0x000000071bc00000|100%|HC|  |TAMS 0x000000071ba00000, 0x000000071bc00000| Complete 
| 191|0x000000071bc00000, 0x000000071be00000, 0x000000071be00000|100%|HC|  |TAMS 0x000000071bc00000, 0x000000071be00000| Complete 
| 192|0x000000071be00000, 0x000000071c000000, 0x000000071c000000|100%|HC|  |TAMS 0x000000071be00000, 0x000000071c000000| Complete 
| 193|0x000000071c000000, 0x000000071c200000, 0x000000071c200000|100%|HC|  |TAMS 0x000000071c000000, 0x000000071c200000| Complete 
| 194|0x000000071c200000, 0x000000071c400000, 0x000000071c400000|100%|HC|  |TAMS 0x000000071c200000, 0x000000071c400000| Complete 
| 195|0x000000071c400000, 0x000000071c600000, 0x000000071c600000|100%|HC|  |TAMS 0x000000071c400000, 0x000000071c600000| Complete 
| 196|0x000000071c600000, 0x000000071c800000, 0x000000071c800000|100%|HC|  |TAMS 0x000000071c600000, 0x000000071c800000| Complete 
| 197|0x000000071c800000, 0x000000071ca00000, 0x000000071ca00000|100%|HC|  |TAMS 0x000000071c800000, 0x000000071ca00000| Complete 
| 198|0x000000071ca00000, 0x000000071cc00000, 0x000000071cc00000|100%|HC|  |TAMS 0x000000071ca00000, 0x000000071cc00000| Complete 
| 199|0x000000071cc00000, 0x000000071ce00000, 0x000000071ce00000|100%|HC|  |TAMS 0x000000071cc00000, 0x000000071ce00000| Complete 
| 200|0x000000071ce00000, 0x000000071d000000, 0x000000071d000000|100%|HC|  |TAMS 0x000000071ce00000, 0x000000071d000000| Complete 
| 201|0x000000071d000000, 0x000000071d200000, 0x000000071d200000|100%|HC|  |TAMS 0x000000071d000000, 0x000000071d200000| Complete 
| 202|0x000000071d200000, 0x000000071d400000, 0x000000071d400000|100%|HC|  |TAMS 0x000000071d200000, 0x000000071d400000| Complete 
| 203|0x000000071d400000, 0x000000071d600000, 0x000000071d600000|100%|HC|  |TAMS 0x000000071d400000, 0x000000071d600000| Complete 
| 204|0x000000071d600000, 0x000000071d800000, 0x000000071d800000|100%|HC|  |TAMS 0x000000071d600000, 0x000000071d800000| Complete 
| 205|0x000000071d800000, 0x000000071da00000, 0x000000071da00000|100%|HC|  |TAMS 0x000000071d800000, 0x000000071da00000| Complete 
| 206|0x000000071da00000, 0x000000071dc00000, 0x000000071dc00000|100%|HC|  |TAMS 0x000000071da00000, 0x000000071dc00000| Complete 
| 207|0x000000071dc00000, 0x000000071de00000, 0x000000071de00000|100%|HC|  |TAMS 0x000000071dc00000, 0x000000071de00000| Complete 
| 208|0x000000071de00000, 0x000000071e000000, 0x000000071e000000|100%|HC|  |TAMS 0x000000071de00000, 0x000000071e000000| Complete 
| 209|0x000000071e000000, 0x000000071e200000, 0x000000071e200000|100%|HC|  |TAMS 0x000000071e000000, 0x000000071e200000| Complete 
| 210|0x000000071e200000, 0x000000071e400000, 0x000000071e400000|100%|HC|  |TAMS 0x000000071e200000, 0x000000071e400000| Complete 
| 211|0x000000071e400000, 0x000000071e600000, 0x000000071e600000|100%|HC|  |TAMS 0x000000071e400000, 0x000000071e600000| Complete 
| 212|0x000000071e600000, 0x000000071e800000, 0x000000071e800000|100%|HC|  |TAMS 0x000000071e600000, 0x000000071e800000| Complete 
| 213|0x000000071e800000, 0x000000071ea00000, 0x000000071ea00000|100%|HC|  |TAMS 0x000000071e800000, 0x000000071ea00000| Complete 
| 214|0x000000071ea00000, 0x000000071ec00000, 0x000000071ec00000|100%|HC|  |TAMS 0x000000071ea00000, 0x000000071ec00000| Complete 
| 215|0x000000071ec00000, 0x000000071ee00000, 0x000000071ee00000|100%|HC|  |TAMS 0x000000071ec00000, 0x000000071ee00000| Complete 
| 216|0x000000071ee00000, 0x000000071f000000, 0x000000071f000000|100%|HC|  |TAMS 0x000000071ee00000, 0x000000071f000000| Complete 
| 217|0x000000071f000000, 0x000000071f200000, 0x000000071f200000|100%|HC|  |TAMS 0x000000071f000000, 0x000000071f200000| Complete 
| 218|0x000000071f200000, 0x000000071f400000, 0x000000071f400000|100%|HC|  |TAMS 0x000000071f200000, 0x000000071f400000| Complete 
| 219|0x000000071f400000, 0x000000071f600000, 0x000000071f600000|100%|HC|  |TAMS 0x000000071f400000, 0x000000071f600000| Complete 
| 220|0x000000071f600000, 0x000000071f800000, 0x000000071f800000|100%|HC|  |TAMS 0x000000071f600000, 0x000000071f800000| Complete 
| 221|0x000000071f800000, 0x000000071fa00000, 0x000000071fa00000|100%|HC|  |TAMS 0x000000071f800000, 0x000000071fa00000| Complete 
| 222|0x000000071fa00000, 0x000000071fc00000, 0x000000071fc00000|100%|HC|  |TAMS 0x000000071fa00000, 0x000000071fc00000| Complete 
| 223|0x000000071fc00000, 0x000000071fe00000, 0x000000071fe00000|100%|HC|  |TAMS 0x000000071fc00000, 0x000000071fe00000| Complete 
| 224|0x000000071fe00000, 0x0000000720000000, 0x0000000720000000|100%|HC|  |TAMS 0x000000071fe00000, 0x0000000720000000| Complete 
| 225|0x0000000720000000, 0x0000000720200000, 0x0000000720200000|100%|HC|  |TAMS 0x0000000720000000, 0x0000000720200000| Complete 
| 226|0x0000000720200000, 0x0000000720400000, 0x0000000720400000|100%|HC|  |TAMS 0x0000000720200000, 0x0000000720400000| Complete 
| 227|0x0000000720400000, 0x0000000720600000, 0x0000000720600000|100%|HC|  |TAMS 0x0000000720400000, 0x0000000720600000| Complete 
| 228|0x0000000720600000, 0x0000000720800000, 0x0000000720800000|100%|HC|  |TAMS 0x0000000720600000, 0x0000000720800000| Complete 
| 229|0x0000000720800000, 0x0000000720a00000, 0x0000000720a00000|100%|HC|  |TAMS 0x0000000720800000, 0x0000000720a00000| Complete 
| 230|0x0000000720a00000, 0x0000000720c00000, 0x0000000720c00000|100%|HC|  |TAMS 0x0000000720a00000, 0x0000000720c00000| Complete 
| 231|0x0000000720c00000, 0x0000000720e00000, 0x0000000720e00000|100%|HC|  |TAMS 0x0000000720c00000, 0x0000000720e00000| Complete 
| 232|0x0000000720e00000, 0x0000000721000000, 0x0000000721000000|100%|HC|  |TAMS 0x0000000720e00000, 0x0000000721000000| Complete 
| 233|0x0000000721000000, 0x0000000721200000, 0x0000000721200000|100%|HC|  |TAMS 0x0000000721000000, 0x0000000721200000| Complete 
| 234|0x0000000721200000, 0x0000000721400000, 0x0000000721400000|100%|HC|  |TAMS 0x0000000721200000, 0x0000000721400000| Complete 
| 235|0x0000000721400000, 0x0000000721600000, 0x0000000721600000|100%|HC|  |TAMS 0x0000000721400000, 0x0000000721600000| Complete 
| 236|0x0000000721600000, 0x0000000721800000, 0x0000000721800000|100%|HC|  |TAMS 0x0000000721600000, 0x0000000721800000| Complete 
| 237|0x0000000721800000, 0x0000000721a00000, 0x0000000721a00000|100%|HC|  |TAMS 0x0000000721800000, 0x0000000721a00000| Complete 
| 238|0x0000000721a00000, 0x0000000721c00000, 0x0000000721c00000|100%|HC|  |TAMS 0x0000000721a00000, 0x0000000721c00000| Complete 
| 239|0x0000000721c00000, 0x0000000721e00000, 0x0000000721e00000|100%|HC|  |TAMS 0x0000000721c00000, 0x0000000721e00000| Complete 
| 240|0x0000000721e00000, 0x0000000722000000, 0x0000000722000000|100%|HC|  |TAMS 0x0000000721e00000, 0x0000000722000000| Complete 
| 241|0x0000000722000000, 0x0000000722200000, 0x0000000722200000|100%|HC|  |TAMS 0x0000000722000000, 0x0000000722200000| Complete 
| 242|0x0000000722200000, 0x0000000722400000, 0x0000000722400000|100%|HC|  |TAMS 0x0000000722200000, 0x0000000722400000| Complete 
| 243|0x0000000722400000, 0x0000000722600000, 0x0000000722600000|100%|HC|  |TAMS 0x0000000722400000, 0x0000000722600000| Complete 
| 244|0x0000000722600000, 0x0000000722800000, 0x0000000722800000|100%|HC|  |TAMS 0x0000000722600000, 0x0000000722800000| Complete 
| 245|0x0000000722800000, 0x0000000722a00000, 0x0000000722a00000|100%|HC|  |TAMS 0x0000000722800000, 0x0000000722a00000| Complete 
| 246|0x0000000722a00000, 0x0000000722c00000, 0x0000000722c00000|100%|HC|  |TAMS 0x0000000722a00000, 0x0000000722c00000| Complete 
| 247|0x0000000722c00000, 0x0000000722e00000, 0x0000000722e00000|100%|HC|  |TAMS 0x0000000722c00000, 0x0000000722e00000| Complete 
| 248|0x0000000722e00000, 0x0000000723000000, 0x0000000723000000|100%|HC|  |TAMS 0x0000000722e00000, 0x0000000723000000| Complete 
| 249|0x0000000723000000, 0x0000000723200000, 0x0000000723200000|100%|HC|  |TAMS 0x0000000723000000, 0x0000000723200000| Complete 
| 250|0x0000000723200000, 0x0000000723400000, 0x0000000723400000|100%|HC|  |TAMS 0x0000000723200000, 0x0000000723400000| Complete 
| 251|0x0000000723400000, 0x0000000723600000, 0x0000000723600000|100%|HC|  |TAMS 0x0000000723400000, 0x0000000723600000| Complete 
| 252|0x0000000723600000, 0x0000000723800000, 0x0000000723800000|100%|HC|  |TAMS 0x0000000723600000, 0x0000000723800000| Complete 
| 253|0x0000000723800000, 0x0000000723a00000, 0x0000000723a00000|100%|HC|  |TAMS 0x0000000723800000, 0x0000000723a00000| Complete 
| 254|0x0000000723a00000, 0x0000000723c00000, 0x0000000723c00000|100%|HC|  |TAMS 0x0000000723a00000, 0x0000000723c00000| Complete 
| 255|0x0000000723c00000, 0x0000000723c00000, 0x0000000723e00000|  0%| F|  |TAMS 0x0000000723c00000, 0x0000000723c00000| Untracked 
| 256|0x0000000723e00000, 0x0000000723e00000, 0x0000000724000000|  0%| F|  |TAMS 0x0000000723e00000, 0x0000000723e00000| Untracked 
| 257|0x0000000724000000, 0x0000000724000000, 0x0000000724200000|  0%| F|  |TAMS 0x0000000724000000, 0x0000000724000000| Untracked 
| 258|0x0000000724200000, 0x0000000724200000, 0x0000000724400000|  0%| F|  |TAMS 0x0000000724200000, 0x0000000724200000| Untracked 
| 259|0x0000000724400000, 0x0000000724400000, 0x0000000724600000|  0%| F|  |TAMS 0x0000000724400000, 0x0000000724400000| Untracked 
| 260|0x0000000724600000, 0x0000000724600000, 0x0000000724800000|  0%| F|  |TAMS 0x0000000724600000, 0x0000000724600000| Untracked 
| 261|0x0000000724800000, 0x0000000724800000, 0x0000000724a00000|  0%| F|  |TAMS 0x0000000724800000, 0x0000000724800000| Untracked 
| 262|0x0000000724a00000, 0x0000000724a00000, 0x0000000724c00000|  0%| F|  |TAMS 0x0000000724a00000, 0x0000000724a00000| Untracked 
| 263|0x0000000724c00000, 0x0000000724c00000, 0x0000000724e00000|  0%| F|  |TAMS 0x0000000724c00000, 0x0000000724c00000| Untracked 
| 264|0x0000000724e00000, 0x0000000724e00000, 0x0000000725000000|  0%| F|  |TAMS 0x0000000724e00000, 0x0000000724e00000| Untracked 
| 265|0x0000000725000000, 0x0000000725000000, 0x0000000725200000|  0%| F|  |TAMS 0x0000000725000000, 0x0000000725000000| Untracked 
| 266|0x0000000725200000, 0x0000000725200000, 0x0000000725400000|  0%| F|  |TAMS 0x0000000725200000, 0x0000000725200000| Untracked 
| 267|0x0000000725400000, 0x0000000725400000, 0x0000000725600000|  0%| F|  |TAMS 0x0000000725400000, 0x0000000725400000| Untracked 
| 268|0x0000000725600000, 0x0000000725600000, 0x0000000725800000|  0%| F|  |TAMS 0x0000000725600000, 0x0000000725600000| Untracked 
| 269|0x0000000725800000, 0x0000000725800000, 0x0000000725a00000|  0%| F|  |TAMS 0x0000000725800000, 0x0000000725800000| Untracked 
| 270|0x0000000725a00000, 0x0000000725a00000, 0x0000000725c00000|  0%| F|  |TAMS 0x0000000725a00000, 0x0000000725a00000| Untracked 
| 271|0x0000000725c00000, 0x0000000725c00000, 0x0000000725e00000|  0%| F|  |TAMS 0x0000000725c00000, 0x0000000725c00000| Untracked 
| 272|0x0000000725e00000, 0x0000000725e00000, 0x0000000726000000|  0%| F|  |TAMS 0x0000000725e00000, 0x0000000725e00000| Untracked 
| 273|0x0000000726000000, 0x0000000726000000, 0x0000000726200000|  0%| F|  |TAMS 0x0000000726000000, 0x0000000726000000| Untracked 
| 274|0x0000000726200000, 0x0000000726200000, 0x0000000726400000|  0%| F|  |TAMS 0x0000000726200000, 0x0000000726200000| Untracked 
| 275|0x0000000726400000, 0x0000000726400000, 0x0000000726600000|  0%| F|  |TAMS 0x0000000726400000, 0x0000000726400000| Untracked 
| 276|0x0000000726600000, 0x0000000726600000, 0x0000000726800000|  0%| F|  |TAMS 0x0000000726600000, 0x0000000726600000| Untracked 
| 277|0x0000000726800000, 0x0000000726800000, 0x0000000726a00000|  0%| F|  |TAMS 0x0000000726800000, 0x0000000726800000| Untracked 
| 278|0x0000000726a00000, 0x0000000726a00000, 0x0000000726c00000|  0%| F|  |TAMS 0x0000000726a00000, 0x0000000726a00000| Untracked 
| 279|0x0000000726c00000, 0x0000000726c00000, 0x0000000726e00000|  0%| F|  |TAMS 0x0000000726c00000, 0x0000000726c00000| Untracked 
| 280|0x0000000726e00000, 0x0000000726e00000, 0x0000000727000000|  0%| F|  |TAMS 0x0000000726e00000, 0x0000000726e00000| Untracked 
| 281|0x0000000727000000, 0x0000000727000000, 0x0000000727200000|  0%| F|  |TAMS 0x0000000727000000, 0x0000000727000000| Untracked 
| 282|0x0000000727200000, 0x0000000727200000, 0x0000000727400000|  0%| F|  |TAMS 0x0000000727200000, 0x0000000727200000| Untracked 
| 283|0x0000000727400000, 0x0000000727400000, 0x0000000727600000|  0%| F|  |TAMS 0x0000000727400000, 0x0000000727400000| Untracked 
| 284|0x0000000727600000, 0x0000000727600000, 0x0000000727800000|  0%| F|  |TAMS 0x0000000727600000, 0x0000000727600000| Untracked 
| 285|0x0000000727800000, 0x0000000727800000, 0x0000000727a00000|  0%| F|  |TAMS 0x0000000727800000, 0x0000000727800000| Untracked 
| 286|0x0000000727a00000, 0x0000000727a00000, 0x0000000727c00000|  0%| F|  |TAMS 0x0000000727a00000, 0x0000000727a00000| Untracked 
| 287|0x0000000727c00000, 0x0000000727c00000, 0x0000000727e00000|  0%| F|  |TAMS 0x0000000727c00000, 0x0000000727c00000| Untracked 
| 288|0x0000000727e00000, 0x0000000727e00000, 0x0000000728000000|  0%| F|  |TAMS 0x0000000727e00000, 0x0000000727e00000| Untracked 
| 289|0x0000000728000000, 0x0000000728000000, 0x0000000728200000|  0%| F|  |TAMS 0x0000000728000000, 0x0000000728000000| Untracked 
| 290|0x0000000728200000, 0x0000000728200000, 0x0000000728400000|  0%| F|  |TAMS 0x0000000728200000, 0x0000000728200000| Untracked 
| 291|0x0000000728400000, 0x0000000728400000, 0x0000000728600000|  0%| F|  |TAMS 0x0000000728400000, 0x0000000728400000| Untracked 
| 292|0x0000000728600000, 0x0000000728600000, 0x0000000728800000|  0%| F|  |TAMS 0x0000000728600000, 0x0000000728600000| Untracked 
| 293|0x0000000728800000, 0x0000000728800000, 0x0000000728a00000|  0%| F|  |TAMS 0x0000000728800000, 0x0000000728800000| Untracked 
| 294|0x0000000728a00000, 0x0000000728a00000, 0x0000000728c00000|  0%| F|  |TAMS 0x0000000728a00000, 0x0000000728a00000| Untracked 
| 295|0x0000000728c00000, 0x0000000728c00000, 0x0000000728e00000|  0%| F|  |TAMS 0x0000000728c00000, 0x0000000728c00000| Untracked 
| 296|0x0000000728e00000, 0x0000000728e00000, 0x0000000729000000|  0%| F|  |TAMS 0x0000000728e00000, 0x0000000728e00000| Untracked 
| 297|0x0000000729000000, 0x0000000729000000, 0x0000000729200000|  0%| F|  |TAMS 0x0000000729000000, 0x0000000729000000| Untracked 
| 298|0x0000000729200000, 0x0000000729200000, 0x0000000729400000|  0%| F|  |TAMS 0x0000000729200000, 0x0000000729200000| Untracked 
| 299|0x0000000729400000, 0x0000000729400000, 0x0000000729600000|  0%| F|  |TAMS 0x0000000729400000, 0x0000000729400000| Untracked 
| 300|0x0000000729600000, 0x0000000729600000, 0x0000000729800000|  0%| F|  |TAMS 0x0000000729600000, 0x0000000729600000| Untracked 
| 301|0x0000000729800000, 0x0000000729800000, 0x0000000729a00000|  0%| F|  |TAMS 0x0000000729800000, 0x0000000729800000| Untracked 
| 302|0x0000000729a00000, 0x0000000729a00000, 0x0000000729c00000|  0%| F|  |TAMS 0x0000000729a00000, 0x0000000729a00000| Untracked 
| 303|0x0000000729c00000, 0x0000000729c00000, 0x0000000729e00000|  0%| F|  |TAMS 0x0000000729c00000, 0x0000000729c00000| Untracked 
| 304|0x0000000729e00000, 0x0000000729e00000, 0x000000072a000000|  0%| F|  |TAMS 0x0000000729e00000, 0x0000000729e00000| Untracked 
| 305|0x000000072a000000, 0x000000072a000000, 0x000000072a200000|  0%| F|  |TAMS 0x000000072a000000, 0x000000072a000000| Untracked 
| 306|0x000000072a200000, 0x000000072a200000, 0x000000072a400000|  0%| F|  |TAMS 0x000000072a200000, 0x000000072a200000| Untracked 
| 307|0x000000072a400000, 0x000000072a400000, 0x000000072a600000|  0%| F|  |TAMS 0x000000072a400000, 0x000000072a400000| Untracked 
| 308|0x000000072a600000, 0x000000072a600000, 0x000000072a800000|  0%| F|  |TAMS 0x000000072a600000, 0x000000072a600000| Untracked 
| 309|0x000000072a800000, 0x000000072a800000, 0x000000072aa00000|  0%| F|  |TAMS 0x000000072a800000, 0x000000072a800000| Untracked 
| 310|0x000000072aa00000, 0x000000072aa00000, 0x000000072ac00000|  0%| F|  |TAMS 0x000000072aa00000, 0x000000072aa00000| Untracked 
| 311|0x000000072ac00000, 0x000000072ac00000, 0x000000072ae00000|  0%| F|  |TAMS 0x000000072ac00000, 0x000000072ac00000| Untracked 
| 312|0x000000072ae00000, 0x000000072ae00000, 0x000000072b000000|  0%| F|  |TAMS 0x000000072ae00000, 0x000000072ae00000| Untracked 
| 313|0x000000072b000000, 0x000000072b000000, 0x000000072b200000|  0%| F|  |TAMS 0x000000072b000000, 0x000000072b000000| Untracked 
| 314|0x000000072b200000, 0x000000072b200000, 0x000000072b400000|  0%| F|  |TAMS 0x000000072b200000, 0x000000072b200000| Untracked 
| 315|0x000000072b400000, 0x000000072b400000, 0x000000072b600000|  0%| F|  |TAMS 0x000000072b400000, 0x000000072b400000| Untracked 
| 316|0x000000072b600000, 0x000000072b600000, 0x000000072b800000|  0%| F|  |TAMS 0x000000072b600000, 0x000000072b600000| Untracked 
| 317|0x000000072b800000, 0x000000072b800000, 0x000000072ba00000|  0%| F|  |TAMS 0x000000072b800000, 0x000000072b800000| Untracked 
| 318|0x000000072ba00000, 0x000000072ba00000, 0x000000072bc00000|  0%| F|  |TAMS 0x000000072ba00000, 0x000000072ba00000| Untracked 
| 319|0x000000072bc00000, 0x000000072bc00000, 0x000000072be00000|  0%| F|  |TAMS 0x000000072bc00000, 0x000000072bc00000| Untracked 
| 320|0x000000072be00000, 0x000000072be00000, 0x000000072c000000|  0%| F|  |TAMS 0x000000072be00000, 0x000000072be00000| Untracked 
| 321|0x000000072c000000, 0x000000072c000000, 0x000000072c200000|  0%| F|  |TAMS 0x000000072c000000, 0x000000072c000000| Untracked 
| 322|0x000000072c200000, 0x000000072c200000, 0x000000072c400000|  0%| F|  |TAMS 0x000000072c200000, 0x000000072c200000| Untracked 
| 323|0x000000072c400000, 0x000000072c400000, 0x000000072c600000|  0%| F|  |TAMS 0x000000072c400000, 0x000000072c400000| Untracked 
| 324|0x000000072c600000, 0x000000072c600000, 0x000000072c800000|  0%| F|  |TAMS 0x000000072c600000, 0x000000072c600000| Untracked 
| 325|0x000000072c800000, 0x000000072c800000, 0x000000072ca00000|  0%| F|  |TAMS 0x000000072c800000, 0x000000072c800000| Untracked 
| 326|0x000000072ca00000, 0x000000072ca00000, 0x000000072cc00000|  0%| F|  |TAMS 0x000000072ca00000, 0x000000072ca00000| Untracked 
| 327|0x000000072cc00000, 0x000000072cc00000, 0x000000072ce00000|  0%| F|  |TAMS 0x000000072cc00000, 0x000000072cc00000| Untracked 
| 328|0x000000072ce00000, 0x000000072ce00000, 0x000000072d000000|  0%| F|  |TAMS 0x000000072ce00000, 0x000000072ce00000| Untracked 
| 329|0x000000072d000000, 0x000000072d000000, 0x000000072d200000|  0%| F|  |TAMS 0x000000072d000000, 0x000000072d000000| Untracked 
| 330|0x000000072d200000, 0x000000072d200000, 0x000000072d400000|  0%| F|  |TAMS 0x000000072d200000, 0x000000072d200000| Untracked 
| 331|0x000000072d400000, 0x000000072d400000, 0x000000072d600000|  0%| F|  |TAMS 0x000000072d400000, 0x000000072d400000| Untracked 
| 332|0x000000072d600000, 0x000000072d600000, 0x000000072d800000|  0%| F|  |TAMS 0x000000072d600000, 0x000000072d600000| Untracked 
| 333|0x000000072d800000, 0x000000072d800000, 0x000000072da00000|  0%| F|  |TAMS 0x000000072d800000, 0x000000072d800000| Untracked 
| 334|0x000000072da00000, 0x000000072da00000, 0x000000072dc00000|  0%| F|  |TAMS 0x000000072da00000, 0x000000072da00000| Untracked 
| 335|0x000000072dc00000, 0x000000072dc00000, 0x000000072de00000|  0%| F|  |TAMS 0x000000072dc00000, 0x000000072dc00000| Untracked 
| 336|0x000000072de00000, 0x000000072de00000, 0x000000072e000000|  0%| F|  |TAMS 0x000000072de00000, 0x000000072de00000| Untracked 
| 337|0x000000072e000000, 0x000000072e000000, 0x000000072e200000|  0%| F|  |TAMS 0x000000072e000000, 0x000000072e000000| Untracked 
| 338|0x000000072e200000, 0x000000072e200000, 0x000000072e400000|  0%| F|  |TAMS 0x000000072e200000, 0x000000072e200000| Untracked 
| 339|0x000000072e400000, 0x000000072e400000, 0x000000072e600000|  0%| F|  |TAMS 0x000000072e400000, 0x000000072e400000| Untracked 
| 340|0x000000072e600000, 0x000000072e600000, 0x000000072e800000|  0%| F|  |TAMS 0x000000072e600000, 0x000000072e600000| Untracked 
| 341|0x000000072e800000, 0x000000072e800000, 0x000000072ea00000|  0%| F|  |TAMS 0x000000072e800000, 0x000000072e800000| Untracked 
| 342|0x000000072ea00000, 0x000000072ea00000, 0x000000072ec00000|  0%| F|  |TAMS 0x000000072ea00000, 0x000000072ea00000| Untracked 
| 343|0x000000072ec00000, 0x000000072ec00000, 0x000000072ee00000|  0%| F|  |TAMS 0x000000072ec00000, 0x000000072ec00000| Untracked 
| 344|0x000000072ee00000, 0x000000072ee00000, 0x000000072f000000|  0%| F|  |TAMS 0x000000072ee00000, 0x000000072ee00000| Untracked 
| 345|0x000000072f000000, 0x000000072f000000, 0x000000072f200000|  0%| F|  |TAMS 0x000000072f000000, 0x000000072f000000| Untracked 
| 346|0x000000072f200000, 0x000000072f200000, 0x000000072f400000|  0%| F|  |TAMS 0x000000072f200000, 0x000000072f200000| Untracked 
| 347|0x000000072f400000, 0x000000072f400000, 0x000000072f600000|  0%| F|  |TAMS 0x000000072f400000, 0x000000072f400000| Untracked 
| 348|0x000000072f600000, 0x000000072f6fcd30, 0x000000072f800000| 49%| S|CS|TAMS 0x000000072f600000, 0x000000072f600000| Complete 

Card table byte_map: [0x00000204a1970000,0x00000204a2160000] _byte_map_base: 0x000002049e151000

Marking Bits (Prev, Next): (CMBitMap*) 0x00000204965843c0, (CMBitMap*) 0x0000020496584400
 Prev Bits: [0x00000204a2950000, 0x00000204a6858000)
 Next Bits: [0x00000204a6860000, 0x00000204aa768000)

Polling page: 0x0000020494440000

Metaspace:

Usage:
  Non-class:     39.09 MB used.
      Class:      9.02 MB used.
       Both:     48.11 MB used.

Virtual space:
  Non-class space:       48.00 MB reserved,      39.25 MB ( 82%) committed,  6 nodes.
      Class space:        1.00 GB reserved,       9.19 MB ( <1%) committed,  1 nodes.
             Both:        1.05 GB reserved,      48.44 MB (  5%) committed. 

Chunk freelists:
   Non-Class:  3.95 MB
       Class:  2.64 MB
        Both:  6.59 MB

MaxMetaspaceSize: unlimited
CompressedClassSpaceSize: 1.00 GB
Initial GC threshold: 21.00 MB
Current GC threshold: 80.75 MB
CDS: on
MetaspaceReclaimPolicy: balanced
 - commit_granule_bytes: 65536.
 - commit_granule_words: 8192.
 - virtual_space_node_default_size: 1048576.
 - enlarge_chunks_in_place: 1.
 - new_chunks_are_fully_committed: 0.
 - uncommit_free_chunks: 1.
 - use_allocation_guard: 0.
 - handle_deallocations: 1.


Internal statistics:

num_allocs_failed_limit: 6.
num_arena_births: 426.
num_arena_deaths: 22.
num_vsnodes_births: 7.
num_vsnodes_deaths: 0.
num_space_committed: 775.
num_space_uncommitted: 0.
num_chunks_returned_to_freelist: 35.
num_chunks_taken_from_freelist: 1902.
num_chunk_merges: 12.
num_chunk_splits: 1456.
num_chunks_enlarged: 1227.
num_purges: 2.
num_inconsistent_stats: 0.

CodeCache: size=49152Kb used=7041Kb max_used=8619Kb free=42110Kb
 bounds [0x000002049e070000, 0x000002049e8e0000, 0x00000204a1070000]
 total_blobs=4047 nmethods=3440 adapters=533
 compilation: enabled
              stopped_count=0, restarted_count=0
 full_count=0

Compilation events (20 events):
Event: 18.228 Thread 0x00000204acc6af60 3431       1       java.lang.String::decodeUTF8_UTF16 (624 bytes)
Event: 18.230 Thread 0x00000204acc6af60 nmethod 3431 0x000002049e219790 code [0x000002049e219a20, 0x000002049e21a6a8]
Event: 19.109 Thread 0x00000204acc6af60 3432       1       org.eclipse.jetty.http.HttpHeader::getBytesColonSpace (5 bytes)
Event: 19.109 Thread 0x00000204acc6af60 nmethod 3432 0x000002049e219490 code [0x000002049e219620, 0x000002049e2196f8]
Event: 19.111 Thread 0x00000204acc6af60 3433       1       java.util.concurrent.ConcurrentHashMap$MapEntry::getKey (5 bytes)
Event: 19.111 Thread 0x00000204acc6af60 nmethod 3433 0x000002049e219190 code [0x000002049e219320, 0x000002049e2193f8]
Event: 19.111 Thread 0x00000204acc6af60 3435       1       java.util.concurrent.ConcurrentHashMap$EntryIterator::next (5 bytes)
Event: 19.111 Thread 0x00000204acc6af60 nmethod 3435 0x000002049e218e90 code [0x000002049e219020, 0x000002049e219108]
Event: 19.111 Thread 0x00000204acc6af60 3436       1       java.util.concurrent.ConcurrentHashMap$EntryIterator::next (51 bytes)
Event: 19.111 Thread 0x00000204acc6af60 nmethod 3436 0x000002049e218790 code [0x000002049e218960, 0x000002049e218d38]
Event: 19.111 Thread 0x00000204acc6af60 3437       1       java.util.concurrent.ConcurrentHashMap$MapEntry::<init> (20 bytes)
Event: 19.112 Thread 0x00000204acc6af60 nmethod 3437 0x000002049e218390 code [0x000002049e218520, 0x000002049e218718]
Event: 19.112 Thread 0x00000204acc6af60 3434       1       java.util.concurrent.ConcurrentHashMap$MapEntry::getValue (5 bytes)
Event: 19.112 Thread 0x00000204acc6af60 nmethod 3434 0x000002049e218090 code [0x000002049e218220, 0x000002049e2182f8]
Event: 19.113 Thread 0x00000204acc6af60 3438       1       org.eclipse.jetty.util.StringUtil::asciiToLowerCase (106 bytes)
Event: 19.114 Thread 0x00000204acc6af60 nmethod 3438 0x000002049e217190 code [0x000002049e2173a0, 0x000002049e217a88]
Event: 19.155 Thread 0x00000204acc6af60 3439 %     1       java.lang.String::encodeUTF8_UTF16 @ 58 (372 bytes)
Event: 19.156 Thread 0x00000204acc6af60 nmethod 3439% 0x000002049e215f10 code [0x000002049e216100, 0x000002049e216c38]
Event: 19.156 Thread 0x00000204acc6af60 3440       1       java.lang.String::encodeUTF8_UTF16 (372 bytes)
Event: 19.157 Thread 0x00000204acc6af60 nmethod 3440 0x000002049e215290 code [0x000002049e215460, 0x000002049e215b98]

GC Heap History (20 events):
Event: 4.874 GC heap after
{Heap after GC invocations=12 (full 0):
 garbage-first heap   total 69632K, used 19473K [0x0000000703e00000, 0x0000000800000000)
  region size 2048K, 1 young (2048K), 1 survivors (2048K)
 Metaspace       used 46530K, committed 46912K, reserved 1089536K
  class space    used 8787K, committed 8960K, reserved 1048576K
}
Event: 6.338 GC heap before
{Heap before GC invocations=12 (full 0):
 garbage-first heap   total 69632K, used 33809K [0x0000000703e00000, 0x0000000800000000)
  region size 2048K, 3 young (6144K), 1 survivors (2048K)
 Metaspace       used 46640K, committed 46976K, reserved 1089536K
  class space    used 8798K, committed 8960K, reserved 1048576K
}
Event: 6.340 GC heap after
{Heap after GC invocations=13 (full 0):
 garbage-first heap   total 69632K, used 25371K [0x0000000703e00000, 0x0000000800000000)
  region size 2048K, 1 young (2048K), 1 survivors (2048K)
 Metaspace       used 46640K, committed 46976K, reserved 1089536K
  class space    used 8798K, committed 8960K, reserved 1048576K
}
Event: 7.203 GC heap before
{Heap before GC invocations=13 (full 0):
 garbage-first heap   total 69632K, used 35611K [0x0000000703e00000, 0x0000000800000000)
  region size 2048K, 2 young (4096K), 1 survivors (2048K)
 Metaspace       used 46640K, committed 46976K, reserved 1089536K
  class space    used 8798K, committed 8960K, reserved 1048576K
}
Event: 7.204 GC heap after
{Heap after GC invocations=14 (full 0):
 garbage-first heap   total 69632K, used 29399K [0x0000000703e00000, 0x0000000800000000)
  region size 2048K, 1 young (2048K), 1 survivors (2048K)
 Metaspace       used 46640K, committed 46976K, reserved 1089536K
  class space    used 8798K, committed 8960K, reserved 1048576K
}
Event: 8.432 GC heap before
{Heap before GC invocations=14 (full 0):
 garbage-first heap   total 69632K, used 47831K [0x0000000703e00000, 0x0000000800000000)
  region size 2048K, 2 young (4096K), 1 survivors (2048K)
 Metaspace       used 46640K, committed 46976K, reserved 1089536K
  class space    used 8798K, committed 8960K, reserved 1048576K
}
Event: 8.433 GC heap after
{Heap after GC invocations=15 (full 0):
 garbage-first heap   total 69632K, used 37580K [0x0000000703e00000, 0x0000000800000000)
  region size 2048K, 1 young (2048K), 1 survivors (2048K)
 Metaspace       used 46640K, committed 46976K, reserved 1089536K
  class space    used 8798K, committed 8960K, reserved 1048576K
}
Event: 10.922 GC heap before
{Heap before GC invocations=16 (full 0):
 garbage-first heap   total 126976K, used 74444K [0x0000000703e00000, 0x0000000800000000)
  region size 2048K, 3 young (6144K), 1 survivors (2048K)
 Metaspace       used 46640K, committed 46976K, reserved 1089536K
  class space    used 8798K, committed 8960K, reserved 1048576K
}
Event: 10.923 GC heap after
{Heap after GC invocations=17 (full 0):
 garbage-first heap   total 126976K, used 53954K [0x0000000703e00000, 0x0000000800000000)
  region size 2048K, 1 young (2048K), 1 survivors (2048K)
 Metaspace       used 46640K, committed 46976K, reserved 1089536K
  class space    used 8798K, committed 8960K, reserved 1048576K
}
Event: 17.064 GC heap before
{Heap before GC invocations=17 (full 0):
 garbage-first heap   total 192512K, used 125634K [0x0000000703e00000, 0x0000000800000000)
  region size 2048K, 4 young (8192K), 1 survivors (2048K)
 Metaspace       used 46640K, committed 46976K, reserved 1089536K
  class space    used 8798K, committed 8960K, reserved 1048576K
}
Event: 17.065 GC heap after
{Heap after GC invocations=18 (full 0):
 garbage-first heap   total 192512K, used 86724K [0x0000000703e00000, 0x0000000800000000)
  region size 2048K, 1 young (2048K), 1 survivors (2048K)
 Metaspace       used 46640K, committed 46976K, reserved 1089536K
  class space    used 8798K, committed 8960K, reserved 1048576K
}
Event: 18.114 GC heap before
{Heap before GC invocations=19 (full 0):
 garbage-first heap   total 372736K, used 232132K [0x0000000703e00000, 0x0000000800000000)
  region size 2048K, 8 young (16384K), 1 survivors (2048K)
 Metaspace       used 49216K, committed 49600K, reserved 1097728K
  class space    used 9227K, committed 9408K, reserved 1048576K
}
Event: 18.116 GC heap after
{Heap after GC invocations=20 (full 0):
 garbage-first heap   total 372736K, used 153181K [0x0000000703e00000, 0x0000000800000000)
  region size 2048K, 1 young (2048K), 1 survivors (2048K)
 Metaspace       used 49216K, committed 49600K, reserved 1097728K
  class space    used 9227K, committed 9408K, reserved 1048576K
}
Event: 18.126 GC heap before
{Heap before GC invocations=20 (full 0):
 garbage-first heap   total 372736K, used 222813K [0x0000000703e00000, 0x0000000800000000)
  region size 2048K, 1 young (2048K), 1 survivors (2048K)
 Metaspace       used 49216K, committed 49600K, reserved 1097728K
  class space    used 9227K, committed 9408K, reserved 1048576K
}
Event: 18.129 GC heap after
{Heap after GC invocations=21 (full 0):
 garbage-first heap   total 372736K, used 222564K [0x0000000703e00000, 0x0000000800000000)
  region size 2048K, 1 young (2048K), 1 survivors (2048K)
 Metaspace       used 49216K, committed 49600K, reserved 1097728K
  class space    used 9227K, committed 9408K, reserved 1048576K
}
Event: 19.037 GC heap before
{Heap before GC invocations=22 (full 0):
 garbage-first heap   total 608256K, used 361828K [0x0000000703e00000, 0x0000000800000000)
  region size 2048K, 1 young (2048K), 1 survivors (2048K)
 Metaspace       used 49217K, committed 49600K, reserved 1097728K
  class space    used 9227K, committed 9408K, reserved 1048576K
}
Event: 19.038 GC heap after
{Heap after GC invocations=23 (full 0):
 garbage-first heap   total 608256K, used 292196K [0x0000000703e00000, 0x0000000800000000)
  region size 2048K, 1 young (2048K), 1 survivors (2048K)
 Metaspace       used 49217K, committed 49600K, reserved 1097728K
  class space    used 9227K, committed 9408K, reserved 1048576K
}
Event: 19.115 GC heap before
{Heap before GC invocations=24 (full 0):
 garbage-first heap   total 714752K, used 425316K [0x0000000703e00000, 0x0000000800000000)
  region size 2048K, 2 young (4096K), 1 survivors (2048K)
 Metaspace       used 49262K, committed 49600K, reserved 1097728K
  class space    used 9234K, committed 9408K, reserved 1048576K
}
Event: 19.116 GC heap after
{Heap after GC invocations=25 (full 0):
 garbage-first heap   total 714752K, used 286117K [0x0000000703e00000, 0x0000000800000000)
  region size 2048K, 1 young (2048K), 1 survivors (2048K)
 Metaspace       used 49262K, committed 49600K, reserved 1097728K
  class space    used 9234K, committed 9408K, reserved 1048576K
}
Event: 19.854 GC heap before
{Heap before GC invocations=25 (full 0):
 garbage-first heap   total 714752K, used 484773K [0x0000000703e00000, 0x0000000800000000)
  region size 2048K, 1 young (2048K), 1 survivors (2048K)
 Metaspace       used 49262K, committed 49600K, reserved 1097728K
  class space    used 9234K, committed 9408K, reserved 1048576K
}

Dll operation events (10 events):
Event: 0.012 Loaded shared library C:\Program Files\Java\zulu17.38.21-ca-jdk17.0.5-win_x64\bin\java.dll
Event: 0.024 Loaded shared library C:\Program Files\Java\zulu17.38.21-ca-jdk17.0.5-win_x64\bin\jsvml.dll
Event: 0.152 Loaded shared library C:\Program Files\Java\zulu17.38.21-ca-jdk17.0.5-win_x64\bin\jimage.dll
Event: 0.160 Loaded shared library C:\Program Files\Java\zulu17.38.21-ca-jdk17.0.5-win_x64\bin\net.dll
Event: 0.161 Loaded shared library C:\Program Files\Java\zulu17.38.21-ca-jdk17.0.5-win_x64\bin\nio.dll
Event: 0.166 Loaded shared library C:\Program Files\Java\zulu17.38.21-ca-jdk17.0.5-win_x64\bin\zip.dll
Event: 0.260 Loaded shared library C:\Program Files\Java\zulu17.38.21-ca-jdk17.0.5-win_x64\bin\management.dll
Event: 0.275 Loaded shared library C:\Program Files\Java\zulu17.38.21-ca-jdk17.0.5-win_x64\bin\management_ext.dll
Event: 2.398 Loaded shared library C:\Program Files\Java\zulu17.38.21-ca-jdk17.0.5-win_x64\bin\sunmscapi.dll
Event: 3.441 Loaded shared library C:\Program Files\Java\zulu17.38.21-ca-jdk17.0.5-win_x64\bin\verify.dll

Deoptimization events (20 events):
Event: 3.754 Thread 0x00000204af860690 DEOPT PACKING pc=0x000002049e4eb564 sp=0x000000a98cffa6e0
Event: 3.754 Thread 0x00000204af860690 DEOPT UNPACKING pc=0x000002049e0c2b43 sp=0x000000a98cff9b78 mode 1
Event: 3.754 Thread 0x00000204af860690 DEOPT PACKING pc=0x000002049e4ea7fc sp=0x000000a98cffa7b0
Event: 3.754 Thread 0x00000204af860690 DEOPT UNPACKING pc=0x000002049e0c2b43 sp=0x000000a98cff9c68 mode 1
Event: 3.754 Thread 0x00000204af860690 DEOPT PACKING pc=0x000002049e4eb564 sp=0x000000a98cffa6d0
Event: 3.754 Thread 0x00000204af860690 DEOPT UNPACKING pc=0x000002049e0c2b43 sp=0x000000a98cff9b68 mode 1
Event: 3.754 Thread 0x00000204af860690 DEOPT PACKING pc=0x000002049e4ea7fc sp=0x000000a98cffa7a0
Event: 3.754 Thread 0x00000204af860690 DEOPT UNPACKING pc=0x000002049e0c2b43 sp=0x000000a98cff9c58 mode 1
Event: 4.862 Thread 0x00000204af860690 DEOPT PACKING pc=0x000002049e3e3ab2 sp=0x000000a98cffb7b0
Event: 4.862 Thread 0x00000204af860690 DEOPT UNPACKING pc=0x000002049e0c2b43 sp=0x000000a98cffacc0 mode 1
Event: 4.863 Thread 0x00000204af860690 DEOPT PACKING pc=0x000002049e4eb564 sp=0x000000a98cffb9f0
Event: 4.863 Thread 0x00000204af860690 DEOPT UNPACKING pc=0x000002049e0c2b43 sp=0x000000a98cffae88 mode 1
Event: 4.863 Thread 0x00000204af860690 DEOPT PACKING pc=0x000002049e4ea7fc sp=0x000000a98cffbac0
Event: 4.863 Thread 0x00000204af860690 DEOPT UNPACKING pc=0x000002049e0c2b43 sp=0x000000a98cffaf78 mode 1
Event: 4.863 Thread 0x00000204af860690 DEOPT PACKING pc=0x000002049e4a76dc sp=0x000000a98cffc4a0
Event: 4.863 Thread 0x00000204af860690 DEOPT UNPACKING pc=0x000002049e0c2b43 sp=0x000000a98cffb990 mode 1
Event: 4.871 Thread 0x00000204af860690 DEOPT PACKING pc=0x000002049e4eb564 sp=0x000000a98cffd4c0
Event: 4.871 Thread 0x00000204af860690 DEOPT UNPACKING pc=0x000002049e0c2b43 sp=0x000000a98cffc958 mode 1
Event: 4.871 Thread 0x00000204af860690 DEOPT PACKING pc=0x000002049e4ea7fc sp=0x000000a98cffd590
Event: 4.871 Thread 0x00000204af860690 DEOPT UNPACKING pc=0x000002049e0c2b43 sp=0x000000a98cffca48 mode 1

Classes unloaded (11 events):
Event: 3.836 Thread 0x00000204acc3b4e0 Unloading class 0x0000000801190c00 'java/lang/invoke/LambdaForm$MH+0x0000000801190c00'
Event: 3.836 Thread 0x00000204acc3b4e0 Unloading class 0x0000000801190000 'java/lang/invoke/LambdaForm$MH+0x0000000801190000'
Event: 3.836 Thread 0x00000204acc3b4e0 Unloading class 0x000000080118f800 'java/lang/invoke/LambdaForm$MH+0x000000080118f800'
Event: 3.836 Thread 0x00000204acc3b4e0 Unloading class 0x000000080118f000 'java/lang/invoke/LambdaForm$MH+0x000000080118f000'
Event: 3.836 Thread 0x00000204acc3b4e0 Unloading class 0x000000080118ec00 'java/lang/invoke/LambdaForm$DMH+0x000000080118ec00'
Event: 3.836 Thread 0x00000204acc3b4e0 Unloading class 0x000000080118e000 'java/lang/invoke/LambdaForm$DMH+0x000000080118e000'
Event: 3.837 Thread 0x00000204acc3b4e0 Unloading class 0x0000000800d4a400 'java/lang/invoke/LambdaForm$DMH+0x0000000800d4a400'
Event: 3.837 Thread 0x00000204acc3b4e0 Unloading class 0x0000000800d4b000 'java/lang/invoke/LambdaForm$DMH+0x0000000800d4b000'
Event: 3.837 Thread 0x00000204acc3b4e0 Unloading class 0x0000000800d4b400 'java/lang/invoke/LambdaForm$DMH+0x0000000800d4b400'
Event: 3.837 Thread 0x00000204acc3b4e0 Unloading class 0x0000000800d4ac00 'java/lang/invoke/LambdaForm$DMH+0x0000000800d4ac00'
Event: 3.837 Thread 0x00000204acc3b4e0 Unloading class 0x0000000800d4a800 'java/lang/invoke/LambdaForm$DMH+0x0000000800d4a800'

Classes redefined (0 events):
No events

Internal exceptions (20 events):
Event: 4.127 Thread 0x00000204af860690 Exception <a 'java/lang/NoSuchMethodError'{0x0000000706f38950}: 'long java.lang.invoke.DirectMethodHandle$Holder.invokeStatic(java.lang.Object, java.lang.Object)'> (0x0000000706f38950) 
thrown [s\src\hotspot\share\interpreter\linkResolver.cpp, line 759]
Event: 4.128 Thread 0x00000204af860690 Exception <a 'java/lang/NoSuchMethodError'{0x0000000706f42058}: 'float java.lang.invoke.DirectMethodHandle$Holder.invokeStatic(java.lang.Object, java.lang.Object)'> (0x0000000706f42058) 
thrown [s\src\hotspot\share\interpreter\linkResolver.cpp, line 759]
Event: 4.128 Thread 0x00000204af860690 Exception <a 'java/lang/NoSuchMethodError'{0x0000000706f4f020}: 'double java.lang.invoke.DirectMethodHandle$Holder.invokeStatic(java.lang.Object, java.lang.Object)'> (0x0000000706f4f020) 
thrown [s\src\hotspot\share\interpreter\linkResolver.cpp, line 759]
Event: 4.195 Thread 0x00000204af860690 Exception <a 'java/lang/NoSuchMethodError'{0x0000000706a6e0c8}: 'void java.lang.invoke.DirectMethodHandle$Holder.invokeInterface(java.lang.Object, java.lang.Object, java.lang.Object)'> (0x0000000706a6e0c8) 
thrown [s\src\hotspot\share\interpreter\linkResolver.cpp, line 759]
Event: 4.202 Thread 0x00000204af860690 Exception <a 'java/lang/NoSuchMethodError'{0x0000000706ada4a0}: 'void java.lang.invoke.DirectMethodHandle$Holder.invokeVirtual(java.lang.Object, java.lang.Object, java.lang.Object, java.lang.Object)'> (0x0000000706ada4a0) 
thrown [s\src\hotspot\share\interpreter\linkResolver.cpp, line 759]
Event: 4.291 Thread 0x00000204af860690 Exception <a 'java/lang/NoSuchMethodError'{0x0000000706764e50}: 'void java.lang.invoke.DirectMethodHandle$Holder.invokeStaticInit(java.lang.Object, java.lang.Object, java.lang.Object, java.lang.Object, java.lang.Object)'> (0x0000000706764e50) 
thrown [s\src\hotspot\share\interpreter\linkResolver.cpp, line 759]
Event: 4.331 Thread 0x00000204af860690 Exception <a 'java/lang/NoSuchMethodError'{0x0000000706349c38}: 'long java.lang.invoke.DirectMethodHandle$Holder.invokeSpecial(java.lang.Object, java.lang.Object)'> (0x0000000706349c38) 
thrown [s\src\hotspot\share\interpreter\linkResolver.cpp, line 759]
Event: 4.341 Thread 0x00000204af860690 Exception <a 'java/lang/NoSuchMethodError'{0x00000007063d6510}: 'java.lang.Object java.lang.invoke.Invokers$Holder.invokeExact_MT(java.lang.Object, java.lang.Object, java.lang.Object, java.lang.Object, java.lang.Object, java.lang.Object)'> (0x00000007063d6510) 
thrown [s\src\hotspot\share\interpreter\linkResolver.cpp, line 759]
Event: 4.820 Thread 0x00000204af860690 Exception <a 'java/lang/NoSuchMethodError'{0x0000000705bec820}: 'void java.lang.invoke.DirectMethodHandle$Holder.invokeSpecial(java.lang.Object, java.lang.Object, java.lang.Object, java.lang.Object, java.lang.Object, java.lang.Object, java.lang.Object, java.lang.Object)'> (0x0000000705bec820) 
thrown [s\src\hotspot\share\interpreter\linkResolver.cpp, line 759]
Event: 4.820 Thread 0x00000204af860690 Exception <a 'java/lang/NoSuchMethodError'{0x0000000705bf6dd8}: 'java.lang.Object java.lang.invoke.DirectMethodHandle$Holder.newInvokeSpecial(java.lang.Object, java.lang.Object, java.lang.Object, java.lang.Object, java.lang.Object, java.lang.Object)'> (0x0000000705bf6dd8) 
thrown [s\src\hotspot\share\interpreter\linkResolver.cpp, line 759]
Event: 4.821 Thread 0x00000204af860690 Exception <a 'java/lang/IncompatibleClassChangeError'{0x0000000705bfb990}: Found class java.lang.Object, but interface was expected> (0x0000000705bfb990) 
thrown [s\src\hotspot\share\interpreter\linkResolver.cpp, line 826]
Event: 17.953 Thread 0x00000204af860690 Exception <a 'java/lang/NoClassDefFoundError'{0x000000071a991e50}: org/graalvm/nativeimage/ImageSingletons> (0x000000071a991e50) 
thrown [s\src\hotspot\share\oops\constantPool.cpp, line 835]
Event: 17.953 Thread 0x00000204ae7239f0 Exception <a 'java/lang/NoClassDefFoundError'{0x000000071a600a80}: org/graalvm/nativeimage/ImageSingletons> (0x000000071a600a80) 
thrown [s\src\hotspot\share\oops\constantPool.cpp, line 835]
Event: 17.953 Thread 0x00000204af874dd0 Exception <a 'java/lang/NoClassDefFoundError'{0x000000071a6cc828}: org/graalvm/nativeimage/ImageSingletons> (0x000000071a6cc828) 
thrown [s\src\hotspot\share\oops\constantPool.cpp, line 835]
Event: 17.953 Thread 0x00000204af8c4a50 Exception <a 'java/lang/NoClassDefFoundError'{0x000000071a700560}: org/graalvm/nativeimage/ImageSingletons> (0x000000071a700560) 
thrown [s\src\hotspot\share\oops\constantPool.cpp, line 835]
Event: 17.955 Thread 0x00000204af876060 Exception <a 'java/lang/NoClassDefFoundError'{0x000000071a733ac0}: org/graalvm/nativeimage/ImageSingletons> (0x000000071a733ac0) 
thrown [s\src\hotspot\share\oops\constantPool.cpp, line 835]
Event: 17.957 Thread 0x00000204af8615c0 Exception <a 'java/lang/NoClassDefFoundError'{0x000000071a76d220}: org/graalvm/nativeimage/ImageSingletons> (0x000000071a76d220) 
thrown [s\src\hotspot\share\oops\constantPool.cpp, line 835]
Event: 17.958 Thread 0x00000204af85ed40 Exception <a 'java/lang/NoClassDefFoundError'{0x000000071a7d80c0}: org/graalvm/nativeimage/ImageSingletons> (0x000000071a7d80c0) 
thrown [s\src\hotspot\share\oops\constantPool.cpp, line 835]
Event: 17.958 Thread 0x00000204af875b80 Exception <a 'java/lang/NoClassDefFoundError'{0x000000071a7a2a10}: org/graalvm/nativeimage/ImageSingletons> (0x000000071a7a2a10) 
thrown [s\src\hotspot\share\oops\constantPool.cpp, line 835]
Event: 17.960 Thread 0x00000204af876060 Exception <a 'java/lang/NoClassDefFoundError'{0x000000071a74d260}: org/graalvm/nativeimage/ImageSingletons> (0x000000071a74d260) 
thrown [s\src\hotspot\share\oops\constantPool.cpp, line 835]

VM Operations (20 events):
Event: 17.140 Executing VM operation: G1Concurrent done
Event: 17.151 Executing VM operation: G1Concurrent
Event: 17.170 Executing VM operation: G1Concurrent done
Event: 18.114 Executing VM operation: G1TryInitiateConcMark
Event: 18.117 Executing VM operation: G1TryInitiateConcMark done
Event: 18.126 Executing VM operation: G1TryInitiateConcMark
Event: 18.129 Executing VM operation: G1TryInitiateConcMark done
Event: 18.152 Executing VM operation: G1Concurrent
Event: 18.222 Executing VM operation: G1Concurrent done
Event: 18.232 Executing VM operation: G1Concurrent
Event: 18.233 Executing VM operation: G1Concurrent done
Event: 19.037 Executing VM operation: G1TryInitiateConcMark
Event: 19.038 Executing VM operation: G1TryInitiateConcMark done
Event: 19.070 Executing VM operation: G1Concurrent
Event: 19.104 Executing VM operation: G1Concurrent done
Event: 19.111 Executing VM operation: G1Concurrent
Event: 19.111 Executing VM operation: G1Concurrent done
Event: 19.115 Executing VM operation: G1TryInitiateConcMark
Event: 19.116 Executing VM operation: G1TryInitiateConcMark done
Event: 19.854 Executing VM operation: G1TryInitiateConcMark

Events (20 events):
Event: 4.863 loading class java/nio/FloatBuffer done
Event: 4.863 loading class java/nio/DoubleBuffer
Event: 4.863 loading class java/nio/DoubleBuffer done
Event: 4.863 loading class sun/misc/VM
Event: 4.863 loading class sun/misc/VM done
Event: 4.863 loading class javax/management/InstanceNotFoundException
Event: 4.863 loading class javax/management/InstanceNotFoundException done
Event: 4.883 loading class java/util/concurrent/atomic/AtomicIntegerFieldUpdater
Event: 4.884 loading class java/util/concurrent/atomic/AtomicIntegerFieldUpdater done
Event: 4.884 loading class java/util/concurrent/atomic/AtomicIntegerFieldUpdater$AtomicIntegerFieldUpdaterImpl
Event: 4.884 loading class java/util/concurrent/atomic/AtomicIntegerFieldUpdater$AtomicIntegerFieldUpdaterImpl done
Event: 4.884 loading class java/util/concurrent/atomic/AtomicIntegerFieldUpdater$AtomicIntegerFieldUpdaterImpl$1
Event: 4.884 loading class java/util/concurrent/atomic/AtomicIntegerFieldUpdater$AtomicIntegerFieldUpdaterImpl$1 done
Event: 4.886 loading class sun/security/provider/ByteArrayAccess$LE
Event: 4.886 loading class sun/security/provider/ByteArrayAccess$LE done
Event: 11.173 Thread 0x00000204ad328d20 Thread exited: 0x00000204ad328d20
Event: 11.173 Thread 0x00000204af9a6120 Thread exited: 0x00000204af9a6120
Event: 16.182 Thread 0x00000204ad270720 Thread exited: 0x00000204ad270720
Event: 18.076 loading class java/util/stream/SortedOps$RefSortingSink
Event: 18.077 loading class java/util/stream/SortedOps$RefSortingSink done


Dynamic libraries:
0x00007ff756db0000 - 0x00007ff756dbe000 	C:\Program Files\Java\zulu17.38.21-ca-jdk17.0.5-win_x64\bin\java.exe
0x00007fffb7050000 - 0x00007fffb7264000 	C:\WINDOWS\SYSTEM32\ntdll.dll
0x00007fffb56c0000 - 0x00007fffb5782000 	C:\WINDOWS\System32\KERNEL32.DLL
0x00007fffb4a50000 - 0x00007fffb4df3000 	C:\WINDOWS\System32\KERNELBASE.dll
0x00007fffb48b0000 - 0x00007fffb49c1000 	C:\WINDOWS\System32\ucrtbase.dll
0x00007fff9e0e0000 - 0x00007fff9e0f7000 	C:\Program Files\Java\zulu17.38.21-ca-jdk17.0.5-win_x64\bin\jli.dll
0x00007fffabeb0000 - 0x00007fffabecb000 	C:\Program Files\Java\zulu17.38.21-ca-jdk17.0.5-win_x64\bin\VCRUNTIME140.dll
0x00007fffb5a30000 - 0x00007fffb5bda000 	C:\WINDOWS\System32\USER32.dll
0x00007fff91fe0000 - 0x00007fff9226e000 	C:\WINDOWS\WinSxS\amd64_microsoft.windows.common-controls_6595b64144ccf1df_6.0.22621.1635_none_270f70857386168e\COMCTL32.dll
0x00007fffb4e00000 - 0x00007fffb4e26000 	C:\WINDOWS\System32\win32u.dll
0x00007fffb6cc0000 - 0x00007fffb6ce9000 	C:\WINDOWS\System32\GDI32.dll
0x00007fffb5790000 - 0x00007fffb5837000 	C:\WINDOWS\System32\msvcrt.dll
0x00007fffb4450000 - 0x00007fffb4569000 	C:\WINDOWS\System32\gdi32full.dll
0x00007fffb4570000 - 0x00007fffb460a000 	C:\WINDOWS\System32\msvcp_win.dll
0x00007fffb61a0000 - 0x00007fffb61d1000 	C:\WINDOWS\System32\IMM32.DLL
0x00007fffa05f0000 - 0x00007fffa05fc000 	C:\Program Files\Java\zulu17.38.21-ca-jdk17.0.5-win_x64\bin\vcruntime140_1.dll
0x00007fff6a9f0000 - 0x00007fff6aa7d000 	C:\Program Files\Java\zulu17.38.21-ca-jdk17.0.5-win_x64\bin\msvcp140.dll
0x00007fff07f80000 - 0x00007fff08be2000 	C:\Program Files\Java\zulu17.38.21-ca-jdk17.0.5-win_x64\bin\server\jvm.dll
0x00007fffb5960000 - 0x00007fffb5a0e000 	C:\WINDOWS\System32\ADVAPI32.dll
0x00007fffb62f0000 - 0x00007fffb6394000 	C:\WINDOWS\System32\sechost.dll
0x00007fffb5840000 - 0x00007fffb5957000 	C:\WINDOWS\System32\RPCRT4.dll
0x00007fffa88b0000 - 0x00007fffa88b9000 	C:\WINDOWS\SYSTEM32\WSOCK32.dll
0x00007fffa7540000 - 0x00007fffa7574000 	C:\WINDOWS\SYSTEM32\WINMM.dll
0x00007fffa1800000 - 0x00007fffa180a000 	C:\WINDOWS\SYSTEM32\VERSION.dll
0x00007fffb6120000 - 0x00007fffb6191000 	C:\WINDOWS\System32\WS2_32.dll
0x00007fffb3560000 - 0x00007fffb3578000 	C:\WINDOWS\SYSTEM32\kernel.appcore.dll
0x00007fff9fdd0000 - 0x00007fff9fdda000 	C:\Program Files\Java\zulu17.38.21-ca-jdk17.0.5-win_x64\bin\jimage.dll
0x00007fffb1940000 - 0x00007fffb1b6e000 	C:\WINDOWS\SYSTEM32\DBGHELP.DLL
0x00007fffb6930000 - 0x00007fffb6cb9000 	C:\WINDOWS\System32\combase.dll
0x00007fffb6850000 - 0x00007fffb6927000 	C:\WINDOWS\System32\OLEAUT32.dll
0x00007fffa06c0000 - 0x00007fffa06f2000 	C:\WINDOWS\SYSTEM32\dbgcore.DLL
0x00007fffb49d0000 - 0x00007fffb4a4a000 	C:\WINDOWS\System32\bcryptPrimitives.dll
0x00007fffa0520000 - 0x00007fffa055b000 	C:\Program Files\Java\zulu17.38.21-ca-jdk17.0.5-win_x64\bin\jdwp.dll
0x00007fff87d30000 - 0x00007fff87d55000 	C:\Program Files\Java\zulu17.38.21-ca-jdk17.0.5-win_x64\bin\java.dll
0x00007fff54e90000 - 0x00007fff54f67000 	C:\Program Files\Java\zulu17.38.21-ca-jdk17.0.5-win_x64\bin\jsvml.dll
0x00007fffb4ec0000 - 0x00007fffb56b9000 	C:\WINDOWS\System32\SHELL32.dll
0x00007fffb2400000 - 0x00007fffb2cce000 	C:\WINDOWS\SYSTEM32\windows.storage.dll
0x00007fffb22c0000 - 0x00007fffb23fe000 	C:\WINDOWS\SYSTEM32\wintypes.dll
0x00007fffb61f0000 - 0x00007fffb62e1000 	C:\WINDOWS\System32\SHCORE.dll
0x00007fffb5f00000 - 0x00007fffb5f5e000 	C:\WINDOWS\System32\shlwapi.dll
0x00007fffb4380000 - 0x00007fffb43a6000 	C:\WINDOWS\SYSTEM32\profapi.dll
0x00007fffa0690000 - 0x00007fffa069c000 	C:\Program Files\Java\zulu17.38.21-ca-jdk17.0.5-win_x64\bin\dt_socket.dll
0x00007fffb2f20000 - 0x00007fffb2f4d000 	C:\WINDOWS\SYSTEM32\IPHLPAPI.DLL
0x00007fffb3a00000 - 0x00007fffb3a69000 	C:\WINDOWS\system32\mswsock.dll
0x00007fff83440000 - 0x00007fff83459000 	C:\Program Files\Java\zulu17.38.21-ca-jdk17.0.5-win_x64\bin\net.dll
0x00007fffaa650000 - 0x00007fffaa787000 	C:\WINDOWS\SYSTEM32\WINHTTP.dll
0x00007fff83420000 - 0x00007fff83436000 	C:\Program Files\Java\zulu17.38.21-ca-jdk17.0.5-win_x64\bin\nio.dll
0x00007fff83400000 - 0x00007fff83418000 	C:\Program Files\Java\zulu17.38.21-ca-jdk17.0.5-win_x64\bin\zip.dll
0x00007fffb2f50000 - 0x00007fffb3043000 	C:\WINDOWS\SYSTEM32\DNSAPI.dll
0x00007fffb61e0000 - 0x00007fffb61e9000 	C:\WINDOWS\System32\NSI.dll
0x00007fffa8df0000 - 0x00007fffa8dfa000 	C:\Windows\System32\rasadhlp.dll
0x00007fffa5b70000 - 0x00007fffa5bf4000 	C:\WINDOWS\System32\fwpuclnt.dll
0x00007fffabf70000 - 0x00007fffabf79000 	C:\Program Files\Java\zulu17.38.21-ca-jdk17.0.5-win_x64\bin\management.dll
0x00007fffabf30000 - 0x00007fffabf3b000 	C:\Program Files\Java\zulu17.38.21-ca-jdk17.0.5-win_x64\bin\management_ext.dll
0x00007fffb6830000 - 0x00007fffb6838000 	C:\WINDOWS\System32\PSAPI.DLL
0x00007fffb3c60000 - 0x00007fffb3c7b000 	C:\WINDOWS\SYSTEM32\CRYPTSP.dll
0x00007fffb34d0000 - 0x00007fffb3505000 	C:\WINDOWS\system32\rsaenh.dll
0x00007fffb3b00000 - 0x00007fffb3b2c000 	C:\WINDOWS\SYSTEM32\USERENV.dll
0x00007fffb3e20000 - 0x00007fffb3e48000 	C:\WINDOWS\SYSTEM32\bcrypt.dll
0x00007fffb3c80000 - 0x00007fffb3c8c000 	C:\WINDOWS\SYSTEM32\CRYPTBASE.dll
0x00007fffa7470000 - 0x00007fffa7489000 	C:\WINDOWS\SYSTEM32\dhcpcsvc6.DLL
0x00007fffa7300000 - 0x00007fffa731f000 	C:\WINDOWS\SYSTEM32\dhcpcsvc.DLL
0x00007fffa8b40000 - 0x00007fffa8b57000 	C:\WINDOWS\system32\napinsp.dll
0x00007fffa8b20000 - 0x00007fffa8b3b000 	C:\WINDOWS\system32\pnrpnsp.dll
0x00007fffa8b00000 - 0x00007fffa8b11000 	C:\WINDOWS\System32\winrnr.dll
0x00007fffa7440000 - 0x00007fffa7455000 	C:\WINDOWS\system32\wshbth.dll
0x00007fff4a1e0000 - 0x00007fff4a201000 	C:\WINDOWS\system32\nlansp_c.dll
0x00007fffaab00000 - 0x00007fffaab0e000 	C:\Program Files\Java\zulu17.38.21-ca-jdk17.0.5-win_x64\bin\sunmscapi.dll
0x00007fffb4610000 - 0x00007fffb4777000 	C:\WINDOWS\System32\CRYPT32.dll
0x00007fffb3df0000 - 0x00007fffb3e1e000 	C:\WINDOWS\SYSTEM32\ncrypt.dll
0x00007fffb3db0000 - 0x00007fffb3de7000 	C:\WINDOWS\SYSTEM32\NTASN1.dll
0x00007fff94980000 - 0x00007fff94988000 	C:\WINDOWS\system32\wshunix.dll
0x00007fff833e0000 - 0x00007fff833f0000 	C:\Program Files\Java\zulu17.38.21-ca-jdk17.0.5-win_x64\bin\verify.dll

dbghelp: loaded successfully - version: 4.0.5 - missing functions: none
symbol engine: initialized successfully - sym options: 0x614 - pdb path: .;C:\Program Files\Java\zulu17.38.21-ca-jdk17.0.5-win_x64\bin;C:\WINDOWS\SYSTEM32;C:\WINDOWS\WinSxS\amd64_microsoft.windows.common-controls_6595b64144ccf1df_6.0.22621.1635_none_270f70857386168e;C:\Program Files\Java\zulu17.38.21-ca-jdk17.0.5-win_x64\bin\server

VM Arguments:
jvm_args: -XX:TieredStopAtLevel=1 -agentlib:jdwp=transport=dt_socket,server=n,suspend=y,address=127.0.0.1:64081 -Dcom.sun.management.jmxremote -Dfile.encoding=windows-1252 -Duser.country=GB -Duser.language=en -Duser.variant 
java_command: ssp.video.stream.Application
java_class_path (initial): C:\Users\Si\git\video-streaming-backend\apps\api\build\classes\java\main;C:\Users\Si\git\video-streaming-backend\apps\api\build\resources\main;C:\Users\Si\.gradle\caches\modules-2\files-2.1\io.micronaut.aws\micronaut-function-aws-api-proxy-test\4.0.1\1836a1504a06eb403db1d6b434a4e95bcdba6f5d\micronaut-function-aws-api-proxy-test-4.0.1.jar;C:\Users\Si\.gradle\caches\modules-2\files-2.1\io.reactivex.rxjava2\rxjava\2.2.21\6f13f24c44567fc660aab94d639cda9f0fe95628\rxjava-2.2.21.jar;C:\Users\Si\.gradle\caches\modules-2\files-2.1\io.micronaut.aws\micronaut-aws-apigateway\4.0.1\be7843a31142df496860bcf62997049bb96edffa\micronaut-aws-apigateway-4.0.1.jar;C:\Users\Si\.gradle\caches\modules-2\files-2.1\io.micronaut.aws\micronaut-aws-lambda-events-serde\4.0.1\66a540a63e07a1d8333986ad119acd6028d3b59a\micronaut-aws-lambda-events-serde-4.0.1.jar;C:\Users\Si\.gradle\caches\modules-2\files-2.1\io.micronaut.crac\micronaut-crac\2.0.1\c66ca754ff149939e3fe270834aa517d86c64a35\micronaut-crac-2.0.1.jar;C:\Users\Si\.gradle\caches\modules-2\files-2.1\io.micronaut.serde\micronaut-serde-jackson\2.0.1\b81b0337662cb612a89afa81aaea7bd642932828\micronaut-serde-jackson-2.0.1.jar;C:\Users\Si\.gradle\caches\modules-2\files-2.1\io.micronaut.aws\micronaut-aws-sdk-v2\4.0.1\7bed4175aedbf9bdf18f8fc479049a1646a4d3b4\micronaut-aws-sdk-v2-4.0.1.jar;C:\Users\Si\.gradle\caches\modules-2\files-2.1\software.amazon.awssdk\dynamodb\2.20.102\4b53e74f7e57614a1a0b24ca797e6c5a23cd56bb\dynamodb-2.20.102.jar;C:\Users\Si\.gradle\caches\modules-2\files-2.1\software.amazon.awssdk\s3\2.20.102\13d654d2d30970e39cac33dcdf435b2a3c877679\s3-2.20.102.jar;C:\Users\Si\.gradle\caches\modules-2\files-2.1\com.amazonaws\aws-java-sdk-s3\1.12.505\3120fbae1979532c21e79c7a6ad8c2a2c6336464\aws-java-sdk-s3-1.12.505.jar;C:\Users\Si\.gradle\caches\modules-2\files-2.1\jakarta.validation\jakarta.validation-api\3.0.2\92b6631659ba35ca09e44874d3eb936edfeee532\jakarta.validation-api-3.0.2.jar;C:\Users\Si\.gradle\caches\mo
Launcher Type: SUN_STANDARD

[Global flags]
     intx CICompilerCount                          = 4                                         {product} {ergonomic}
     uint ConcGCThreads                            = 2                                         {product} {ergonomic}
     uint G1ConcRefinementThreads                  = 8                                         {product} {ergonomic}
   size_t G1HeapRegionSize                         = 2097152                                   {product} {ergonomic}
    uintx GCDrainStackTargetSize                   = 64                                        {product} {ergonomic}
   size_t InitialHeapSize                          = 266338304                                 {product} {ergonomic}
     bool ManagementServer                         = true                                      {product} {command line}
   size_t MarkStackSize                            = 4194304                                   {product} {ergonomic}
   size_t MaxHeapSize                              = 4229955584                                {product} {ergonomic}
   size_t MaxNewSize                               = 2537553920                                {product} {ergonomic}
   size_t MinHeapDeltaBytes                        = 2097152                                   {product} {ergonomic}
   size_t MinHeapSize                              = 8388608                                   {product} {ergonomic}
    uintx NonProfiledCodeHeapSize                  = 0                                      {pd product} {ergonomic}
     bool ProfileInterpreter                       = false                                  {pd product} {command line}
    uintx ProfiledCodeHeapSize                     = 0                                      {pd product} {ergonomic}
   size_t SoftMaxHeapSize                          = 4229955584                             {manageable} {ergonomic}
     intx TieredStopAtLevel                        = 1                                         {product} {command line}
     bool UseCompressedClassPointers               = true                           {product lp64_product} {ergonomic}
     bool UseCompressedOops                        = true                           {product lp64_product} {ergonomic}
     bool UseG1GC                                  = true                                      {product} {ergonomic}
     bool UseLargePagesIndividualAllocation        = false                                  {pd product} {ergonomic}

Logging:
Log output configuration:
 #0: stdout all=warning uptime,level,tags
 #1: stderr all=off uptime,level,tags

Environment Variables:
JAVA_HOME=C:\Program Files\Java\zulu17.38.21-ca-jdk17.0.5-win_x64
PATH=C:\Program Files\Java\zulu17.38.21-ca-jdk17.0.5-win_x64\bin;C:\WINDOWS\system32;C:\WINDOWS;C:\WINDOWS\System32\Wbem;C:\WINDOWS\System32\WindowsPowerShell\v1.0\;C:\WINDOWS\System32\OpenSSH\;C:\Program Files\Git\cmd;C:\Program Files\nodejs\;C:\Program Files\Amazon\AWSCLIV2\;C:\Program Files\Amazon\AWSSAMCLI\bin\;C:\Program Files\apache-maven-3.6.3\bin;C:\Gradle\gradle-6.9.1\bin;C:\Program Files\dotnet\;C:\Program Files\Go\bin;C:\ProgramData\chocolatey\bin;;C:\Program Files\Docker\Docker\resources\bin;C:\Users\Si\AppData\Local\Programs\Python\Python39\Scripts\;C:\Users\Si\AppData\Local\Programs\Python\Python39\;C:\Users\Si\AppData\Local\Microsoft\WindowsApps;C:\Users\Si\AppData\Local\JetBrains\IntelliJ IDEA Community Edition 2020.2.3\bin;C:\Users\Si\AppData\Roaming\npm;C:\Users\Si\AppData\Local\Programs\Microsoft VS Code\bin;C:\Users\Si\go\bin;C:\Users\Si\AppData\Local\JetBrains\Toolbox\scripts;
USERNAME=Si
OS=Windows_NT
PROCESSOR_IDENTIFIER=Intel64 Family 6 Model 142 Stepping 12, GenuineIntel
TMP=C:\Users\Si\AppData\Local\Temp
TEMP=C:\Users\Si\AppData\Local\Temp



---------------  S Y S T E M  ---------------

OS:
 Windows 11 , 64 bit Build 22621 (10.0.22621.1928)
OS uptime: 0 days 8:26 hours
Hyper-V role detected

CPU: total 8 (initial active 8) (4 cores per cpu, 2 threads per core) family 6 model 142 stepping 12 microcode 0xf0, cx8, cmov, fxsr, ht, mmx, 3dnowpref, sse, sse2, sse3, ssse3, sse4.1, sse4.2, popcnt, lzcnt, tsc, tscinvbit, avx, avx2, aes, erms, clmul, bmi1, bmi2, adx, fma, vzeroupper, clflush, clflushopt, hv

Memory: 4k page, system-wide physical 16134M (1577M free)
TotalPageFile size 24326M (AvailPageFile size 537M)
current process WorkingSet (physical memory assigned to process): 649M, peak: 649M
current process commit charge ("private bytes"): 883M, peak: 1550M

vm_info: OpenJDK 64-Bit Server VM (17.0.5+8-LTS) for windows-amd64 JRE (17.0.5+8-LTS) (Zulu17.38+21-CA), built on Oct  7 2022 12:56:14 by "zulu_re" with MS VC++ 16.10 / 16.11 (VS2019)

END.
